mode: set
github.com/sirosfoundation/go-wallet-backend/internal/storage/memory/memory.go:25.24,48.2 3 1
github.com/sirosfoundation/go-wallet-backend/internal/storage/memory/memory.go:50.59,50.77 1 1
github.com/sirosfoundation/go-wallet-backend/internal/storage/memory/memory.go:51.59,51.79 1 1
github.com/sirosfoundation/go-wallet-backend/internal/storage/memory/memory.go:52.59,52.83 1 1
github.com/sirosfoundation/go-wallet-backend/internal/storage/memory/memory.go:53.59,53.83 1 1
github.com/sirosfoundation/go-wallet-backend/internal/storage/memory/memory.go:54.59,54.85 1 1
github.com/sirosfoundation/go-wallet-backend/internal/storage/memory/memory.go:55.59,55.82 1 1
github.com/sirosfoundation/go-wallet-backend/internal/storage/memory/memory.go:56.59,56.79 1 1
github.com/sirosfoundation/go-wallet-backend/internal/storage/memory/memory.go:57.59,57.81 1 1
github.com/sirosfoundation/go-wallet-backend/internal/storage/memory/memory.go:58.59,58.73 1 1
github.com/sirosfoundation/go-wallet-backend/internal/storage/memory/memory.go:59.59,59.73 1 1
github.com/sirosfoundation/go-wallet-backend/internal/storage/memory/memory.go:67.80,71.44 3 1
github.com/sirosfoundation/go-wallet-backend/internal/storage/memory/memory.go:71.44,73.3 1 1
github.com/sirosfoundation/go-wallet-backend/internal/storage/memory/memory.go:75.2,78.12 4 1
github.com/sirosfoundation/go-wallet-backend/internal/storage/memory/memory.go:81.96,86.13 4 1
github.com/sirosfoundation/go-wallet-backend/internal/storage/memory/memory.go:86.13,88.3 1 1
github.com/sirosfoundation/go-wallet-backend/internal/storage/memory/memory.go:89.2,89.20 1 1
github.com/sirosfoundation/go-wallet-backend/internal/storage/memory/memory.go:92.77,97.32 4 1
github.com/sirosfoundation/go-wallet-backend/internal/storage/memory/memory.go:97.32,99.3 1 1
github.com/sirosfoundation/go-wallet-backend/internal/storage/memory/memory.go:100.2,100.21 1 1
github.com/sirosfoundation/go-wallet-backend/internal/storage/memory/memory.go:103.84,108.32 4 1
github.com/sirosfoundation/go-wallet-backend/internal/storage/memory/memory.go:108.32,109.21 1 1
github.com/sirosfoundation/go-wallet-backend/internal/storage/memory/memory.go:109.21,111.4 1 1
github.com/sirosfoundation/go-wallet-backend/internal/storage/memory/memory.go:113.2,113.21 1 1
github.com/sirosfoundation/go-wallet-backend/internal/storage/memory/memory.go:116.80,120.45 3 1
github.com/sirosfoundation/go-wallet-backend/internal/storage/memory/memory.go:120.45,122.3 1 1
github.com/sirosfoundation/go-wallet-backend/internal/storage/memory/memory.go:124.2,126.12 3 1
github.com/sirosfoundation/go-wallet-backend/internal/storage/memory/memory.go:129.77,133.38 3 1
github.com/sirosfoundation/go-wallet-backend/internal/storage/memory/memory.go:133.38,135.3 1 1
github.com/sirosfoundation/go-wallet-backend/internal/storage/memory/memory.go:137.2,138.12 2 1
github.com/sirosfoundation/go-wallet-backend/internal/storage/memory/memory.go:148.75,150.2 1 1
github.com/sirosfoundation/go-wallet-backend/internal/storage/memory/memory.go:152.109,157.38 4 1
github.com/sirosfoundation/go-wallet-backend/internal/storage/memory/memory.go:157.38,159.3 1 1
github.com/sirosfoundation/go-wallet-backend/internal/storage/memory/memory.go:161.2,165.12 5 1
github.com/sirosfoundation/go-wallet-backend/internal/storage/memory/memory.go:168.119,173.39 4 1
github.com/sirosfoundation/go-wallet-backend/internal/storage/memory/memory.go:173.39,175.3 1 1
github.com/sirosfoundation/go-wallet-backend/internal/storage/memory/memory.go:177.2,178.12 2 1
github.com/sirosfoundation/go-wallet-backend/internal/storage/memory/memory.go:181.112,186.36 4 1
github.com/sirosfoundation/go-wallet-backend/internal/storage/memory/memory.go:186.36,187.34 1 1
github.com/sirosfoundation/go-wallet-backend/internal/storage/memory/memory.go:187.34,189.4 1 1
github.com/sirosfoundation/go-wallet-backend/internal/storage/memory/memory.go:191.2,191.21 1 1
github.com/sirosfoundation/go-wallet-backend/internal/storage/memory/memory.go:194.114,199.36 4 1
github.com/sirosfoundation/go-wallet-backend/internal/storage/memory/memory.go:199.36,200.38 1 1
github.com/sirosfoundation/go-wallet-backend/internal/storage/memory/memory.go:200.38,202.4 1 1
github.com/sirosfoundation/go-wallet-backend/internal/storage/memory/memory.go:204.2,204.19 1 1
github.com/sirosfoundation/go-wallet-backend/internal/storage/memory/memory.go:207.119,214.2 5 1
github.com/sirosfoundation/go-wallet-backend/internal/storage/memory/memory.go:216.148,222.13 5 1
github.com/sirosfoundation/go-wallet-backend/internal/storage/memory/memory.go:222.13,224.3 1 1
github.com/sirosfoundation/go-wallet-backend/internal/storage/memory/memory.go:225.2,225.24 1 1
github.com/sirosfoundation/go-wallet-backend/internal/storage/memory/memory.go:234.74,238.53 3 1
github.com/sirosfoundation/go-wallet-backend/internal/storage/memory/memory.go:238.53,240.3 1 1
github.com/sirosfoundation/go-wallet-backend/internal/storage/memory/memory.go:242.2,245.12 4 1
github.com/sirosfoundation/go-wallet-backend/internal/storage/memory/memory.go:248.90,253.13 4 1
github.com/sirosfoundation/go-wallet-backend/internal/storage/memory/memory.go:253.13,255.3 1 1
github.com/sirosfoundation/go-wallet-backend/internal/storage/memory/memory.go:256.2,256.18 1 1
github.com/sirosfoundation/go-wallet-backend/internal/storage/memory/memory.go:259.95,263.30 3 1
github.com/sirosfoundation/go-wallet-backend/internal/storage/memory/memory.go:263.30,264.57 1 1
github.com/sirosfoundation/go-wallet-backend/internal/storage/memory/memory.go:264.57,266.4 1 1
github.com/sirosfoundation/go-wallet-backend/internal/storage/memory/memory.go:268.2,268.33 1 1
github.com/sirosfoundation/go-wallet-backend/internal/storage/memory/memory.go:271.85,275.30 3 1
github.com/sirosfoundation/go-wallet-backend/internal/storage/memory/memory.go:275.30,276.22 1 1
github.com/sirosfoundation/go-wallet-backend/internal/storage/memory/memory.go:276.22,278.4 1 1
github.com/sirosfoundation/go-wallet-backend/internal/storage/memory/memory.go:280.2,280.33 1 0
github.com/sirosfoundation/go-wallet-backend/internal/storage/memory/memory.go:283.74,287.54 3 1
github.com/sirosfoundation/go-wallet-backend/internal/storage/memory/memory.go:287.54,289.3 1 1
github.com/sirosfoundation/go-wallet-backend/internal/storage/memory/memory.go:291.2,293.12 3 1
github.com/sirosfoundation/go-wallet-backend/internal/storage/memory/memory.go:296.73,300.47 3 1
github.com/sirosfoundation/go-wallet-backend/internal/storage/memory/memory.go:300.47,302.3 1 1
github.com/sirosfoundation/go-wallet-backend/internal/storage/memory/memory.go:304.2,305.12 2 1
github.com/sirosfoundation/go-wallet-backend/internal/storage/memory/memory.go:308.113,313.13 4 1
github.com/sirosfoundation/go-wallet-backend/internal/storage/memory/memory.go:313.13,315.3 1 0
github.com/sirosfoundation/go-wallet-backend/internal/storage/memory/memory.go:318.2,318.54 1 1
github.com/sirosfoundation/go-wallet-backend/internal/storage/memory/memory.go:318.54,320.3 1 0
github.com/sirosfoundation/go-wallet-backend/internal/storage/memory/memory.go:322.2,323.12 2 1
github.com/sirosfoundation/go-wallet-backend/internal/storage/memory/memory.go:333.102,343.2 8 1
github.com/sirosfoundation/go-wallet-backend/internal/storage/memory/memory.go:345.130,350.13 4 1
github.com/sirosfoundation/go-wallet-backend/internal/storage/memory/memory.go:350.13,352.3 1 0
github.com/sirosfoundation/go-wallet-backend/internal/storage/memory/memory.go:354.2,354.37 1 1
github.com/sirosfoundation/go-wallet-backend/internal/storage/memory/memory.go:354.37,356.3 1 0
github.com/sirosfoundation/go-wallet-backend/internal/storage/memory/memory.go:357.2,357.24 1 1
github.com/sirosfoundation/go-wallet-backend/internal/storage/memory/memory.go:360.168,364.30 3 1
github.com/sirosfoundation/go-wallet-backend/internal/storage/memory/memory.go:364.30,365.116 1 1
github.com/sirosfoundation/go-wallet-backend/internal/storage/memory/memory.go:365.116,367.4 1 1
github.com/sirosfoundation/go-wallet-backend/internal/storage/memory/memory.go:369.2,369.33 1 1
github.com/sirosfoundation/go-wallet-backend/internal/storage/memory/memory.go:372.147,377.30 4 1
github.com/sirosfoundation/go-wallet-backend/internal/storage/memory/memory.go:377.30,378.63 1 1
github.com/sirosfoundation/go-wallet-backend/internal/storage/memory/memory.go:378.63,380.4 1 1
github.com/sirosfoundation/go-wallet-backend/internal/storage/memory/memory.go:382.2,382.25 1 1
github.com/sirosfoundation/go-wallet-backend/internal/storage/memory/memory.go:385.102,389.49 3 1
github.com/sirosfoundation/go-wallet-backend/internal/storage/memory/memory.go:389.49,391.3 1 0
github.com/sirosfoundation/go-wallet-backend/internal/storage/memory/memory.go:393.2,395.12 3 1
github.com/sirosfoundation/go-wallet-backend/internal/storage/memory/memory.go:398.127,402.31 3 1
github.com/sirosfoundation/go-wallet-backend/internal/storage/memory/memory.go:402.31,403.116 1 1
github.com/sirosfoundation/go-wallet-backend/internal/storage/memory/memory.go:403.116,406.4 2 1
github.com/sirosfoundation/go-wallet-backend/internal/storage/memory/memory.go:408.2,408.28 1 0
github.com/sirosfoundation/go-wallet-backend/internal/storage/memory/memory.go:418.108,424.40 5 1
github.com/sirosfoundation/go-wallet-backend/internal/storage/memory/memory.go:424.40,426.3 1 1
github.com/sirosfoundation/go-wallet-backend/internal/storage/memory/memory.go:427.2,428.12 2 1
github.com/sirosfoundation/go-wallet-backend/internal/storage/memory/memory.go:431.134,436.13 4 0
github.com/sirosfoundation/go-wallet-backend/internal/storage/memory/memory.go:436.13,438.3 1 0
github.com/sirosfoundation/go-wallet-backend/internal/storage/memory/memory.go:440.2,440.39 1 0
github.com/sirosfoundation/go-wallet-backend/internal/storage/memory/memory.go:440.39,442.3 1 0
github.com/sirosfoundation/go-wallet-backend/internal/storage/memory/memory.go:443.2,443.26 1 0
github.com/sirosfoundation/go-wallet-backend/internal/storage/memory/memory.go:446.174,450.30 3 1
github.com/sirosfoundation/go-wallet-backend/internal/storage/memory/memory.go:450.30,451.120 1 1
github.com/sirosfoundation/go-wallet-backend/internal/storage/memory/memory.go:451.120,453.4 1 1
github.com/sirosfoundation/go-wallet-backend/internal/storage/memory/memory.go:455.2,455.33 1 1
github.com/sirosfoundation/go-wallet-backend/internal/storage/memory/memory.go:458.151,463.30 4 1
github.com/sirosfoundation/go-wallet-backend/internal/storage/memory/memory.go:463.30,464.63 1 1
github.com/sirosfoundation/go-wallet-backend/internal/storage/memory/memory.go:464.63,466.4 1 1
github.com/sirosfoundation/go-wallet-backend/internal/storage/memory/memory.go:468.2,468.27 1 1
github.com/sirosfoundation/go-wallet-backend/internal/storage/memory/memory.go:471.135,475.31 3 1
github.com/sirosfoundation/go-wallet-backend/internal/storage/memory/memory.go:475.31,476.63 1 1
github.com/sirosfoundation/go-wallet-backend/internal/storage/memory/memory.go:476.63,477.72 1 1
github.com/sirosfoundation/go-wallet-backend/internal/storage/memory/memory.go:477.72,478.31 1 1
github.com/sirosfoundation/go-wallet-backend/internal/storage/memory/memory.go:478.31,480.11 2 1
github.com/sirosfoundation/go-wallet-backend/internal/storage/memory/memory.go:485.2,485.12 1 1
github.com/sirosfoundation/go-wallet-backend/internal/storage/memory/memory.go:488.131,492.31 3 1
github.com/sirosfoundation/go-wallet-backend/internal/storage/memory/memory.go:492.31,493.120 1 1
github.com/sirosfoundation/go-wallet-backend/internal/storage/memory/memory.go:493.120,496.4 2 1
github.com/sirosfoundation/go-wallet-backend/internal/storage/memory/memory.go:498.2,498.28 1 0
github.com/sirosfoundation/go-wallet-backend/internal/storage/memory/memory.go:507.97,513.2 4 1
github.com/sirosfoundation/go-wallet-backend/internal/storage/memory/memory.go:515.101,520.13 4 1
github.com/sirosfoundation/go-wallet-backend/internal/storage/memory/memory.go:520.13,522.3 1 1
github.com/sirosfoundation/go-wallet-backend/internal/storage/memory/memory.go:523.2,523.23 1 1
github.com/sirosfoundation/go-wallet-backend/internal/storage/memory/memory.go:526.71,532.2 4 1
github.com/sirosfoundation/go-wallet-backend/internal/storage/memory/memory.go:534.67,539.36 4 1
github.com/sirosfoundation/go-wallet-backend/internal/storage/memory/memory.go:539.36,540.37 1 1
github.com/sirosfoundation/go-wallet-backend/internal/storage/memory/memory.go:540.37,542.4 1 1
github.com/sirosfoundation/go-wallet-backend/internal/storage/memory/memory.go:544.2,544.12 1 1
github.com/sirosfoundation/go-wallet-backend/internal/storage/memory/memory.go:554.90,562.2 6 1
github.com/sirosfoundation/go-wallet-backend/internal/storage/memory/memory.go:564.122,569.13 4 1
github.com/sirosfoundation/go-wallet-backend/internal/storage/memory/memory.go:569.13,571.3 1 1
github.com/sirosfoundation/go-wallet-backend/internal/storage/memory/memory.go:573.2,573.33 1 1
github.com/sirosfoundation/go-wallet-backend/internal/storage/memory/memory.go:573.33,575.3 1 0
github.com/sirosfoundation/go-wallet-backend/internal/storage/memory/memory.go:576.2,576.20 1 1
github.com/sirosfoundation/go-wallet-backend/internal/storage/memory/memory.go:579.139,583.32 3 1
github.com/sirosfoundation/go-wallet-backend/internal/storage/memory/memory.go:583.32,584.85 1 1
github.com/sirosfoundation/go-wallet-backend/internal/storage/memory/memory.go:584.85,586.4 1 1
github.com/sirosfoundation/go-wallet-backend/internal/storage/memory/memory.go:588.2,588.33 1 0
github.com/sirosfoundation/go-wallet-backend/internal/storage/memory/memory.go:591.113,596.32 4 1
github.com/sirosfoundation/go-wallet-backend/internal/storage/memory/memory.go:596.32,597.34 1 1
github.com/sirosfoundation/go-wallet-backend/internal/storage/memory/memory.go:597.34,599.4 1 1
github.com/sirosfoundation/go-wallet-backend/internal/storage/memory/memory.go:601.2,601.21 1 1
github.com/sirosfoundation/go-wallet-backend/internal/storage/memory/memory.go:604.90,608.45 3 1
github.com/sirosfoundation/go-wallet-backend/internal/storage/memory/memory.go:608.45,610.3 1 0
github.com/sirosfoundation/go-wallet-backend/internal/storage/memory/memory.go:612.2,613.12 2 1
github.com/sirosfoundation/go-wallet-backend/internal/storage/memory/memory.go:616.93,621.44 4 1
github.com/sirosfoundation/go-wallet-backend/internal/storage/memory/memory.go:621.44,623.3 1 0
github.com/sirosfoundation/go-wallet-backend/internal/storage/memory/memory.go:625.2,626.12 2 1
github.com/sirosfoundation/go-wallet-backend/internal/storage/memory/memory.go:636.86,644.2 6 1
github.com/sirosfoundation/go-wallet-backend/internal/storage/memory/memory.go:646.116,651.13 4 1
github.com/sirosfoundation/go-wallet-backend/internal/storage/memory/memory.go:651.13,653.3 1 0
github.com/sirosfoundation/go-wallet-backend/internal/storage/memory/memory.go:655.2,655.35 1 1
github.com/sirosfoundation/go-wallet-backend/internal/storage/memory/memory.go:655.35,657.3 1 0
github.com/sirosfoundation/go-wallet-backend/internal/storage/memory/memory.go:658.2,658.22 1 1
github.com/sirosfoundation/go-wallet-backend/internal/storage/memory/memory.go:661.107,666.34 4 1
github.com/sirosfoundation/go-wallet-backend/internal/storage/memory/memory.go:666.34,667.36 1 1
github.com/sirosfoundation/go-wallet-backend/internal/storage/memory/memory.go:667.36,669.4 1 1
github.com/sirosfoundation/go-wallet-backend/internal/storage/memory/memory.go:671.2,671.23 1 1
github.com/sirosfoundation/go-wallet-backend/internal/storage/memory/memory.go:674.86,678.47 3 0
github.com/sirosfoundation/go-wallet-backend/internal/storage/memory/memory.go:678.47,680.3 1 0
github.com/sirosfoundation/go-wallet-backend/internal/storage/memory/memory.go:682.2,683.12 2 0
github.com/sirosfoundation/go-wallet-backend/internal/storage/memory/memory.go:686.95,691.46 4 0
github.com/sirosfoundation/go-wallet-backend/internal/storage/memory/memory.go:691.46,693.3 1 0
github.com/sirosfoundation/go-wallet-backend/internal/storage/memory/memory.go:695.2,696.12 2 0
github.com/sirosfoundation/go-wallet-backend/internal/domain/credential.go:34.48,36.2 1 1
github.com/sirosfoundation/go-wallet-backend/internal/domain/credential.go:70.50,72.2 1 1
github.com/sirosfoundation/go-wallet-backend/internal/domain/credential.go:95.44,97.2 1 1
github.com/sirosfoundation/go-wallet-backend/internal/domain/credential.go:108.36,110.2 1 1
github.com/sirosfoundation/go-wallet-backend/internal/domain/tenant.go:21.42,23.17 2 1
github.com/sirosfoundation/go-wallet-backend/internal/domain/tenant.go:23.17,25.3 1 1
github.com/sirosfoundation/go-wallet-backend/internal/domain/tenant.go:26.2,26.17 1 1
github.com/sirosfoundation/go-wallet-backend/internal/domain/tenant.go:26.17,28.3 1 1
github.com/sirosfoundation/go-wallet-backend/internal/domain/tenant.go:29.2,29.35 1 1
github.com/sirosfoundation/go-wallet-backend/internal/domain/tenant.go:29.35,31.3 1 1
github.com/sirosfoundation/go-wallet-backend/internal/domain/tenant.go:32.2,32.12 1 1
github.com/sirosfoundation/go-wallet-backend/internal/domain/tenant.go:36.35,38.2 1 1
github.com/sirosfoundation/go-wallet-backend/internal/domain/tenant.go:51.34,53.2 1 1
github.com/sirosfoundation/go-wallet-backend/internal/domain/tenant.go:65.48,67.2 1 1
github.com/sirosfoundation/go-wallet-backend/internal/domain/tenant.go:79.64,82.2 2 1
github.com/sirosfoundation/go-wallet-backend/internal/domain/tenant.go:85.64,87.21 2 1
github.com/sirosfoundation/go-wallet-backend/internal/domain/tenant.go:87.21,89.3 1 1
github.com/sirosfoundation/go-wallet-backend/internal/domain/tenant.go:90.2,90.60 1 1
github.com/sirosfoundation/go-wallet-backend/internal/domain/tenant.go:101.38,107.2 1 1
github.com/sirosfoundation/go-wallet-backend/internal/domain/user.go:25.25,27.2 1 1
github.com/sirosfoundation/go-wallet-backend/internal/domain/user.go:30.41,32.2 1 1
github.com/sirosfoundation/go-wallet-backend/internal/domain/user.go:35.33,37.2 1 1
github.com/sirosfoundation/go-wallet-backend/internal/domain/user.go:40.39,42.2 1 1
github.com/sirosfoundation/go-wallet-backend/internal/domain/user.go:45.49,47.2 1 1
github.com/sirosfoundation/go-wallet-backend/internal/domain/user.go:94.56,97.2 2 1
github.com/sirosfoundation/go-wallet-backend/internal/domain/user.go:100.47,104.2 3 1
github.com/sirosfoundation/go-wallet-backend/internal/domain/webauthn.go:18.45,20.2 1 1
github.com/sirosfoundation/go-wallet-backend/internal/domain/webauthn.go:23.46,25.2 1 1
github.com/sirosfoundation/go-wallet-backend/pkg/middleware/auth.go:14.77,15.30 1 1
github.com/sirosfoundation/go-wallet-backend/pkg/middleware/auth.go:15.30,17.23 2 1
github.com/sirosfoundation/go-wallet-backend/pkg/middleware/auth.go:17.23,21.4 3 1
github.com/sirosfoundation/go-wallet-backend/pkg/middleware/auth.go:24.3,25.46 2 1
github.com/sirosfoundation/go-wallet-backend/pkg/middleware/auth.go:25.46,29.4 3 1
github.com/sirosfoundation/go-wallet-backend/pkg/middleware/auth.go:31.3,32.24 2 1
github.com/sirosfoundation/go-wallet-backend/pkg/middleware/auth.go:32.24,36.4 3 1
github.com/sirosfoundation/go-wallet-backend/pkg/middleware/auth.go:39.3,39.84 1 1
github.com/sirosfoundation/go-wallet-backend/pkg/middleware/auth.go:39.84,41.59 1 1
github.com/sirosfoundation/go-wallet-backend/pkg/middleware/auth.go:41.59,43.5 1 0
github.com/sirosfoundation/go-wallet-backend/pkg/middleware/auth.go:44.4,44.38 1 1
github.com/sirosfoundation/go-wallet-backend/pkg/middleware/auth.go:47.3,47.33 1 1
github.com/sirosfoundation/go-wallet-backend/pkg/middleware/auth.go:47.33,51.4 3 1
github.com/sirosfoundation/go-wallet-backend/pkg/middleware/auth.go:54.3,55.10 2 1
github.com/sirosfoundation/go-wallet-backend/pkg/middleware/auth.go:55.10,59.4 3 0
github.com/sirosfoundation/go-wallet-backend/pkg/middleware/auth.go:62.3,63.10 2 1
github.com/sirosfoundation/go-wallet-backend/pkg/middleware/auth.go:63.10,67.4 3 0
github.com/sirosfoundation/go-wallet-backend/pkg/middleware/auth.go:70.3,76.11 5 1
github.com/sirosfoundation/go-wallet-backend/pkg/middleware/auth.go:81.49,82.30 1 1
github.com/sirosfoundation/go-wallet-backend/pkg/middleware/auth.go:82.30,99.3 6 1
github.com/sirosfoundation/go-wallet-backend/pkg/middleware/tenant.go:11.64,12.30 1 1
github.com/sirosfoundation/go-wallet-backend/pkg/middleware/tenant.go:12.30,14.24 2 1
github.com/sirosfoundation/go-wallet-backend/pkg/middleware/tenant.go:14.24,18.4 3 1
github.com/sirosfoundation/go-wallet-backend/pkg/middleware/tenant.go:20.3,24.17 3 1
github.com/sirosfoundation/go-wallet-backend/pkg/middleware/tenant.go:24.17,25.34 1 1
github.com/sirosfoundation/go-wallet-backend/pkg/middleware/tenant.go:25.34,27.5 1 1
github.com/sirosfoundation/go-wallet-backend/pkg/middleware/tenant.go:27.10,29.5 1 0
github.com/sirosfoundation/go-wallet-backend/pkg/middleware/tenant.go:30.4,31.10 2 1
github.com/sirosfoundation/go-wallet-backend/pkg/middleware/tenant.go:35.3,35.22 1 1
github.com/sirosfoundation/go-wallet-backend/pkg/middleware/tenant.go:35.22,39.4 3 1
github.com/sirosfoundation/go-wallet-backend/pkg/middleware/tenant.go:42.3,44.11 3 1
github.com/sirosfoundation/go-wallet-backend/pkg/middleware/tenant.go:50.70,51.30 1 1
github.com/sirosfoundation/go-wallet-backend/pkg/middleware/tenant.go:51.30,54.14 2 1
github.com/sirosfoundation/go-wallet-backend/pkg/middleware/tenant.go:54.14,58.4 3 1
github.com/sirosfoundation/go-wallet-backend/pkg/middleware/tenant.go:61.3,62.14 2 1
github.com/sirosfoundation/go-wallet-backend/pkg/middleware/tenant.go:62.14,66.4 3 1
github.com/sirosfoundation/go-wallet-backend/pkg/middleware/tenant.go:68.3,69.10 2 1
github.com/sirosfoundation/go-wallet-backend/pkg/middleware/tenant.go:69.10,73.4 3 0
github.com/sirosfoundation/go-wallet-backend/pkg/middleware/tenant.go:74.3,77.10 3 1
github.com/sirosfoundation/go-wallet-backend/pkg/middleware/tenant.go:77.10,81.4 3 0
github.com/sirosfoundation/go-wallet-backend/pkg/middleware/tenant.go:84.3,85.17 2 1
github.com/sirosfoundation/go-wallet-backend/pkg/middleware/tenant.go:85.17,89.4 3 0
github.com/sirosfoundation/go-wallet-backend/pkg/middleware/tenant.go:91.3,91.16 1 1
github.com/sirosfoundation/go-wallet-backend/pkg/middleware/tenant.go:91.16,95.4 3 1
github.com/sirosfoundation/go-wallet-backend/pkg/middleware/tenant.go:97.3,97.11 1 1
github.com/sirosfoundation/go-wallet-backend/pkg/middleware/tenant.go:102.58,104.13 2 1
github.com/sirosfoundation/go-wallet-backend/pkg/middleware/tenant.go:104.13,106.3 1 1
github.com/sirosfoundation/go-wallet-backend/pkg/middleware/tenant.go:107.2,108.9 2 1
github.com/sirosfoundation/go-wallet-backend/pkg/middleware/tenant.go:108.9,110.3 1 0
github.com/sirosfoundation/go-wallet-backend/pkg/middleware/tenant.go:111.2,111.18 1 1
github.com/sirosfoundation/go-wallet-backend/pkg/middleware/tenant.go:115.55,117.13 2 1
github.com/sirosfoundation/go-wallet-backend/pkg/middleware/tenant.go:117.13,119.3 1 1
github.com/sirosfoundation/go-wallet-backend/pkg/middleware/tenant.go:120.2,121.9 2 1
github.com/sirosfoundation/go-wallet-backend/pkg/middleware/tenant.go:121.9,123.3 1 0
github.com/sirosfoundation/go-wallet-backend/pkg/middleware/tenant.go:124.2,124.16 1 1
github.com/sirosfoundation/go-wallet-backend/pkg/config/config.go:100.47,105.22 2 1
github.com/sirosfoundation/go-wallet-backend/pkg/config/config.go:105.22,107.17 2 1
github.com/sirosfoundation/go-wallet-backend/pkg/config/config.go:107.17,108.27 1 1
github.com/sirosfoundation/go-wallet-backend/pkg/config/config.go:108.27,110.5 1 0
github.com/sirosfoundation/go-wallet-backend/pkg/config/config.go:112.9,113.52 1 1
github.com/sirosfoundation/go-wallet-backend/pkg/config/config.go:113.52,115.5 1 1
github.com/sirosfoundation/go-wallet-backend/pkg/config/config.go:121.2,121.57 1 1
github.com/sirosfoundation/go-wallet-backend/pkg/config/config.go:121.57,123.3 1 0
github.com/sirosfoundation/go-wallet-backend/pkg/config/config.go:126.2,126.39 1 1
github.com/sirosfoundation/go-wallet-backend/pkg/config/config.go:126.39,128.3 1 1
github.com/sirosfoundation/go-wallet-backend/pkg/config/config.go:131.2,131.30 1 1
github.com/sirosfoundation/go-wallet-backend/pkg/config/config.go:131.30,133.3 1 1
github.com/sirosfoundation/go-wallet-backend/pkg/config/config.go:135.2,135.17 1 1
github.com/sirosfoundation/go-wallet-backend/pkg/config/config.go:139.30,175.2 1 1
github.com/sirosfoundation/go-wallet-backend/pkg/config/config.go:178.35,179.48 1 1
github.com/sirosfoundation/go-wallet-backend/pkg/config/config.go:179.48,181.3 1 1
github.com/sirosfoundation/go-wallet-backend/pkg/config/config.go:183.2,183.25 1 1
github.com/sirosfoundation/go-wallet-backend/pkg/config/config.go:183.25,185.3 1 1
github.com/sirosfoundation/go-wallet-backend/pkg/config/config.go:187.2,187.29 1 1
github.com/sirosfoundation/go-wallet-backend/pkg/config/config.go:187.29,189.3 1 1
github.com/sirosfoundation/go-wallet-backend/pkg/config/config.go:191.2,191.93 1 1
github.com/sirosfoundation/go-wallet-backend/pkg/config/config.go:191.93,193.3 1 1
github.com/sirosfoundation/go-wallet-backend/pkg/config/config.go:195.2,195.64 1 1
github.com/sirosfoundation/go-wallet-backend/pkg/config/config.go:195.64,197.3 1 1
github.com/sirosfoundation/go-wallet-backend/pkg/config/config.go:199.2,199.24 1 1
github.com/sirosfoundation/go-wallet-backend/pkg/config/config.go:199.24,201.3 1 1
github.com/sirosfoundation/go-wallet-backend/pkg/config/config.go:203.2,203.12 1 1
github.com/sirosfoundation/go-wallet-backend/pkg/config/config.go:207.41,209.2 1 1
github.com/sirosfoundation/go-wallet-backend/pkg/trust/evaluator.go:136.72,142.2 1 1
github.com/sirosfoundation/go-wallet-backend/pkg/trust/evaluator.go:145.71,151.2 1 1
github.com/sirosfoundation/go-wallet-backend/pkg/trust/evaluator.go:154.51,155.23 1 1
github.com/sirosfoundation/go-wallet-backend/pkg/trust/evaluator.go:155.23,157.3 1 1
github.com/sirosfoundation/go-wallet-backend/pkg/trust/evaluator.go:158.2,158.21 1 1
github.com/sirosfoundation/go-wallet-backend/pkg/trust/evaluator.go:162.50,163.21 1 1
github.com/sirosfoundation/go-wallet-backend/pkg/trust/evaluator.go:163.21,165.3 1 1
github.com/sirosfoundation/go-wallet-backend/pkg/trust/evaluator.go:166.2,166.24 1 1
github.com/sirosfoundation/go-wallet-backend/pkg/trust/evaluator.go:170.50,171.18 1 1
github.com/sirosfoundation/go-wallet-backend/pkg/trust/evaluator.go:171.18,173.3 1 1
github.com/sirosfoundation/go-wallet-backend/pkg/trust/evaluator.go:174.2,174.38 1 1
github.com/sirosfoundation/go-wallet-backend/pkg/trust/evaluator.go:174.38,176.3 1 0
github.com/sirosfoundation/go-wallet-backend/pkg/trust/evaluator.go:177.2,177.23 1 1
github.com/sirosfoundation/go-wallet-backend/pkg/trust/evaluator.go:181.48,182.20 1 1
github.com/sirosfoundation/go-wallet-backend/pkg/trust/evaluator.go:182.20,184.3 1 1
github.com/sirosfoundation/go-wallet-backend/pkg/trust/evaluator.go:185.2,185.27 1 1
github.com/sirosfoundation/go-wallet-backend/pkg/trust/evaluator.go:185.27,187.3 1 1
github.com/sirosfoundation/go-wallet-backend/pkg/trust/evaluator.go:188.2,188.11 1 1
github.com/sirosfoundation/go-wallet-backend/pkg/trust/evaluator.go:218.73,220.2 1 0
github.com/sirosfoundation/go-wallet-backend/pkg/trust/evaluator.go:223.112,237.16 3 0
github.com/sirosfoundation/go-wallet-backend/pkg/trust/evaluator.go:237.16,239.3 1 0
github.com/sirosfoundation/go-wallet-backend/pkg/trust/evaluator.go:241.2,241.41 1 0
github.com/sirosfoundation/go-wallet-backend/pkg/trust/evaluator.go:245.43,247.2 1 0
github.com/sirosfoundation/go-wallet-backend/pkg/trust/evaluator.go:250.69,252.41 2 0
github.com/sirosfoundation/go-wallet-backend/pkg/trust/evaluator.go:252.41,254.3 1 0
github.com/sirosfoundation/go-wallet-backend/pkg/trust/evaluator.go:255.2,255.41 1 0
github.com/sirosfoundation/go-wallet-backend/pkg/trust/evaluator.go:255.41,257.3 1 0
github.com/sirosfoundation/go-wallet-backend/pkg/trust/evaluator.go:258.2,258.15 1 0
github.com/sirosfoundation/go-wallet-backend/pkg/trust/evaluator.go:262.44,264.2 1 0
github.com/sirosfoundation/go-wallet-backend/pkg/trust/evaluator.go:273.74,277.2 1 1
github.com/sirosfoundation/go-wallet-backend/pkg/trust/evaluator.go:280.59,282.2 1 1
github.com/sirosfoundation/go-wallet-backend/pkg/trust/evaluator.go:285.42,287.2 1 1
github.com/sirosfoundation/go-wallet-backend/pkg/trust/evaluator.go:290.68,293.33 3 1
github.com/sirosfoundation/go-wallet-backend/pkg/trust/evaluator.go:293.33,294.49 1 1
github.com/sirosfoundation/go-wallet-backend/pkg/trust/evaluator.go:294.49,295.17 1 1
github.com/sirosfoundation/go-wallet-backend/pkg/trust/evaluator.go:295.17,298.5 2 1
github.com/sirosfoundation/go-wallet-backend/pkg/trust/evaluator.go:301.2,301.15 1 1
github.com/sirosfoundation/go-wallet-backend/pkg/trust/evaluator.go:306.111,308.33 2 1
github.com/sirosfoundation/go-wallet-backend/pkg/trust/evaluator.go:308.33,309.49 1 1
github.com/sirosfoundation/go-wallet-backend/pkg/trust/evaluator.go:309.49,310.21 1 1
github.com/sirosfoundation/go-wallet-backend/pkg/trust/evaluator.go:310.21,312.5 1 1
github.com/sirosfoundation/go-wallet-backend/pkg/trust/evaluator.go:316.2,319.8 1 1
github.com/sirosfoundation/go-wallet-backend/pkg/trust/evaluator.go:323.43,324.33 1 1
github.com/sirosfoundation/go-wallet-backend/pkg/trust/evaluator.go:324.33,325.18 1 1
github.com/sirosfoundation/go-wallet-backend/pkg/trust/evaluator.go:325.18,327.4 1 1
github.com/sirosfoundation/go-wallet-backend/pkg/trust/evaluator.go:329.2,329.31 1 1
github.com/sirosfoundation/go-wallet-backend/pkg/trust/evaluator.go:333.46,334.33 1 1
github.com/sirosfoundation/go-wallet-backend/pkg/trust/evaluator.go:334.33,335.19 1 1
github.com/sirosfoundation/go-wallet-backend/pkg/trust/evaluator.go:335.19,337.4 1 1
github.com/sirosfoundation/go-wallet-backend/pkg/trust/evaluator.go:339.2,339.13 1 1
github.com/sirosfoundation/go-wallet-backend/pkg/taggedbinary/taggedbinary.go:18.46,20.51 2 1
github.com/sirosfoundation/go-wallet-backend/pkg/taggedbinary/taggedbinary.go:20.51,22.3 1 1
github.com/sirosfoundation/go-wallet-backend/pkg/taggedbinary/taggedbinary.go:24.2,27.16 3 1
github.com/sirosfoundation/go-wallet-backend/pkg/taggedbinary/taggedbinary.go:27.16,29.3 1 0
github.com/sirosfoundation/go-wallet-backend/pkg/taggedbinary/taggedbinary.go:31.2,31.20 1 1
github.com/sirosfoundation/go-wallet-backend/pkg/taggedbinary/taggedbinary.go:35.45,36.25 1 1
github.com/sirosfoundation/go-wallet-backend/pkg/taggedbinary/taggedbinary.go:37.30,39.51 1 1
github.com/sirosfoundation/go-wallet-backend/pkg/taggedbinary/taggedbinary.go:39.51,41.36 1 1
github.com/sirosfoundation/go-wallet-backend/pkg/taggedbinary/taggedbinary.go:41.36,43.5 1 1
github.com/sirosfoundation/go-wallet-backend/pkg/taggedbinary/taggedbinary.go:46.3,47.25 2 1
github.com/sirosfoundation/go-wallet-backend/pkg/taggedbinary/taggedbinary.go:47.25,49.4 1 1
github.com/sirosfoundation/go-wallet-backend/pkg/taggedbinary/taggedbinary.go:50.3,50.16 1 1
github.com/sirosfoundation/go-wallet-backend/pkg/taggedbinary/taggedbinary.go:52.21,55.25 2 1
github.com/sirosfoundation/go-wallet-backend/pkg/taggedbinary/taggedbinary.go:55.25,57.4 1 1
github.com/sirosfoundation/go-wallet-backend/pkg/taggedbinary/taggedbinary.go:58.3,58.16 1 1
github.com/sirosfoundation/go-wallet-backend/pkg/taggedbinary/taggedbinary.go:60.10,62.13 1 1
github.com/sirosfoundation/go-wallet-backend/pkg/taggedbinary/taggedbinary.go:71.76,73.51 2 1
github.com/sirosfoundation/go-wallet-backend/pkg/taggedbinary/taggedbinary.go:73.51,75.3 1 0
github.com/sirosfoundation/go-wallet-backend/pkg/taggedbinary/taggedbinary.go:77.2,80.16 3 1
github.com/sirosfoundation/go-wallet-backend/pkg/taggedbinary/taggedbinary.go:80.16,82.3 1 0
github.com/sirosfoundation/go-wallet-backend/pkg/taggedbinary/taggedbinary.go:84.2,84.20 1 1
github.com/sirosfoundation/go-wallet-backend/pkg/taggedbinary/taggedbinary.go:88.88,89.25 1 1
github.com/sirosfoundation/go-wallet-backend/pkg/taggedbinary/taggedbinary.go:90.30,92.25 2 1
github.com/sirosfoundation/go-wallet-backend/pkg/taggedbinary/taggedbinary.go:92.25,94.18 2 1
github.com/sirosfoundation/go-wallet-backend/pkg/taggedbinary/taggedbinary.go:94.18,96.5 1 1
github.com/sirosfoundation/go-wallet-backend/pkg/taggedbinary/taggedbinary.go:97.4,97.55 1 1
github.com/sirosfoundation/go-wallet-backend/pkg/taggedbinary/taggedbinary.go:99.3,99.16 1 1
github.com/sirosfoundation/go-wallet-backend/pkg/taggedbinary/taggedbinary.go:101.21,103.25 2 0
github.com/sirosfoundation/go-wallet-backend/pkg/taggedbinary/taggedbinary.go:103.25,105.4 1 0
github.com/sirosfoundation/go-wallet-backend/pkg/taggedbinary/taggedbinary.go:106.3,106.16 1 0
github.com/sirosfoundation/go-wallet-backend/pkg/taggedbinary/taggedbinary.go:108.14,110.25 1 1
github.com/sirosfoundation/go-wallet-backend/pkg/taggedbinary/taggedbinary.go:110.25,112.4 1 1
github.com/sirosfoundation/go-wallet-backend/pkg/taggedbinary/taggedbinary.go:113.3,113.13 1 1
github.com/sirosfoundation/go-wallet-backend/pkg/taggedbinary/taggedbinary.go:115.10,116.13 1 0
github.com/sirosfoundation/go-wallet-backend/pkg/taggedbinary/taggedbinary.go:127.64,129.16 2 1
github.com/sirosfoundation/go-wallet-backend/pkg/taggedbinary/taggedbinary.go:129.16,131.3 1 0
github.com/sirosfoundation/go-wallet-backend/pkg/taggedbinary/taggedbinary.go:132.2,132.45 1 1
github.com/sirosfoundation/go-wallet-backend/pkg/taggedbinary/taggedbinary.go:136.61,137.29 1 1
github.com/sirosfoundation/go-wallet-backend/pkg/taggedbinary/taggedbinary.go:137.29,139.3 1 0
github.com/sirosfoundation/go-wallet-backend/pkg/taggedbinary/taggedbinary.go:140.2,142.15 3 1
github.com/sirosfoundation/go-wallet-backend/pkg/taggedbinary/taggedbinary.go:147.41,149.16 2 1
github.com/sirosfoundation/go-wallet-backend/pkg/taggedbinary/taggedbinary.go:149.16,151.3 1 1
github.com/sirosfoundation/go-wallet-backend/pkg/taggedbinary/taggedbinary.go:152.2,152.16 1 1
github.com/sirosfoundation/go-wallet-backend/pkg/taggedbinary/taggedbinary.go:156.39,158.2 1 1
github.com/sirosfoundation/go-wallet-backend/pkg/taggedbinary/taggedbinary.go:165.52,166.14 1 1
github.com/sirosfoundation/go-wallet-backend/pkg/taggedbinary/taggedbinary.go:166.14,168.3 1 1
github.com/sirosfoundation/go-wallet-backend/pkg/taggedbinary/taggedbinary.go:170.2,171.57 2 1
github.com/sirosfoundation/go-wallet-backend/pkg/taggedbinary/taggedbinary.go:175.56,176.39 1 1
github.com/sirosfoundation/go-wallet-backend/pkg/taggedbinary/taggedbinary.go:176.39,179.3 2 1
github.com/sirosfoundation/go-wallet-backend/pkg/taggedbinary/taggedbinary.go:182.2,183.54 2 1
github.com/sirosfoundation/go-wallet-backend/pkg/taggedbinary/taggedbinary.go:183.54,184.37 1 1
github.com/sirosfoundation/go-wallet-backend/pkg/taggedbinary/taggedbinary.go:184.37,186.18 2 1
github.com/sirosfoundation/go-wallet-backend/pkg/taggedbinary/taggedbinary.go:186.18,189.19 2 0
github.com/sirosfoundation/go-wallet-backend/pkg/taggedbinary/taggedbinary.go:189.19,191.6 1 0
github.com/sirosfoundation/go-wallet-backend/pkg/taggedbinary/taggedbinary.go:193.4,194.14 2 1
github.com/sirosfoundation/go-wallet-backend/pkg/taggedbinary/taggedbinary.go:199.2,200.51 2 1
github.com/sirosfoundation/go-wallet-backend/pkg/taggedbinary/taggedbinary.go:200.51,202.17 2 1
github.com/sirosfoundation/go-wallet-backend/pkg/taggedbinary/taggedbinary.go:202.17,205.18 2 0
github.com/sirosfoundation/go-wallet-backend/pkg/taggedbinary/taggedbinary.go:205.18,208.19 2 0
github.com/sirosfoundation/go-wallet-backend/pkg/taggedbinary/taggedbinary.go:208.19,210.6 1 0
github.com/sirosfoundation/go-wallet-backend/pkg/taggedbinary/taggedbinary.go:213.3,214.13 2 1
github.com/sirosfoundation/go-wallet-backend/pkg/taggedbinary/taggedbinary.go:217.2,217.50 1 0
github.com/sirosfoundation/go-wallet-backend/internal/service/credential.go:22.107,28.2 1 1
github.com/sirosfoundation/go-wallet-backend/internal/service/credential.go:31.156,32.25 1 1
github.com/sirosfoundation/go-wallet-backend/internal/service/credential.go:32.25,34.3 1 1
github.com/sirosfoundation/go-wallet-backend/internal/service/credential.go:35.2,35.36 1 1
github.com/sirosfoundation/go-wallet-backend/internal/service/credential.go:35.36,37.3 1 1
github.com/sirosfoundation/go-wallet-backend/internal/service/credential.go:38.2,38.26 1 1
github.com/sirosfoundation/go-wallet-backend/internal/service/credential.go:38.26,40.3 1 1
github.com/sirosfoundation/go-wallet-backend/internal/service/credential.go:41.2,41.22 1 1
github.com/sirosfoundation/go-wallet-backend/internal/service/credential.go:41.22,43.3 1 1
github.com/sirosfoundation/go-wallet-backend/internal/service/credential.go:45.2,57.70 2 1
github.com/sirosfoundation/go-wallet-backend/internal/service/credential.go:57.70,60.3 2 0
github.com/sirosfoundation/go-wallet-backend/internal/service/credential.go:62.2,67.24 2 1
github.com/sirosfoundation/go-wallet-backend/internal/service/credential.go:71.141,72.21 1 1
github.com/sirosfoundation/go-wallet-backend/internal/service/credential.go:72.21,74.3 1 1
github.com/sirosfoundation/go-wallet-backend/internal/service/credential.go:76.2,77.16 2 1
github.com/sirosfoundation/go-wallet-backend/internal/service/credential.go:77.16,82.3 2 0
github.com/sirosfoundation/go-wallet-backend/internal/service/credential.go:84.2,84.25 1 1
github.com/sirosfoundation/go-wallet-backend/internal/service/credential.go:88.170,89.21 1 1
github.com/sirosfoundation/go-wallet-backend/internal/service/credential.go:89.21,91.3 1 1
github.com/sirosfoundation/go-wallet-backend/internal/service/credential.go:92.2,92.32 1 1
github.com/sirosfoundation/go-wallet-backend/internal/service/credential.go:92.32,94.3 1 1
github.com/sirosfoundation/go-wallet-backend/internal/service/credential.go:96.2,97.16 2 1
github.com/sirosfoundation/go-wallet-backend/internal/service/credential.go:97.16,98.42 1 1
github.com/sirosfoundation/go-wallet-backend/internal/service/credential.go:98.42,100.4 1 1
github.com/sirosfoundation/go-wallet-backend/internal/service/credential.go:101.3,105.18 2 0
github.com/sirosfoundation/go-wallet-backend/internal/service/credential.go:108.2,108.24 1 1
github.com/sirosfoundation/go-wallet-backend/internal/service/credential.go:112.176,113.21 1 1
github.com/sirosfoundation/go-wallet-backend/internal/service/credential.go:113.21,115.3 1 1
github.com/sirosfoundation/go-wallet-backend/internal/service/credential.go:116.2,116.36 1 1
github.com/sirosfoundation/go-wallet-backend/internal/service/credential.go:116.36,118.3 1 1
github.com/sirosfoundation/go-wallet-backend/internal/service/credential.go:121.2,122.16 2 1
github.com/sirosfoundation/go-wallet-backend/internal/service/credential.go:122.16,123.42 1 1
github.com/sirosfoundation/go-wallet-backend/internal/service/credential.go:123.42,125.4 1 1
github.com/sirosfoundation/go-wallet-backend/internal/service/credential.go:126.3,127.18 2 0
github.com/sirosfoundation/go-wallet-backend/internal/service/credential.go:131.2,134.70 3 1
github.com/sirosfoundation/go-wallet-backend/internal/service/credential.go:134.70,137.3 2 0
github.com/sirosfoundation/go-wallet-backend/internal/service/credential.go:139.2,144.24 2 1
github.com/sirosfoundation/go-wallet-backend/internal/service/credential.go:148.129,149.21 1 1
github.com/sirosfoundation/go-wallet-backend/internal/service/credential.go:149.21,151.3 1 1
github.com/sirosfoundation/go-wallet-backend/internal/service/credential.go:152.2,152.32 1 1
github.com/sirosfoundation/go-wallet-backend/internal/service/credential.go:152.32,154.3 1 1
github.com/sirosfoundation/go-wallet-backend/internal/service/credential.go:156.2,156.101 1 1
github.com/sirosfoundation/go-wallet-backend/internal/service/credential.go:156.101,157.42 1 1
github.com/sirosfoundation/go-wallet-backend/internal/service/credential.go:157.42,159.4 1 1
github.com/sirosfoundation/go-wallet-backend/internal/service/credential.go:160.3,161.13 2 0
github.com/sirosfoundation/go-wallet-backend/internal/service/credential.go:164.2,169.12 2 1
github.com/sirosfoundation/go-wallet-backend/internal/service/helper.go:26.58,30.2 1 1
github.com/sirosfoundation/go-wallet-backend/internal/service/helper.go:33.114,36.16 2 1
github.com/sirosfoundation/go-wallet-backend/internal/service/helper.go:36.16,38.3 1 1
github.com/sirosfoundation/go-wallet-backend/internal/service/helper.go:40.2,40.33 1 1
github.com/sirosfoundation/go-wallet-backend/internal/service/helper.go:40.33,42.3 1 1
github.com/sirosfoundation/go-wallet-backend/internal/service/helper.go:45.2,47.16 3 1
github.com/sirosfoundation/go-wallet-backend/internal/service/helper.go:47.16,49.3 1 0
github.com/sirosfoundation/go-wallet-backend/internal/service/helper.go:50.2,67.16 5 1
github.com/sirosfoundation/go-wallet-backend/internal/service/helper.go:67.16,73.17 2 1
github.com/sirosfoundation/go-wallet-backend/internal/service/helper.go:73.17,75.4 1 1
github.com/sirosfoundation/go-wallet-backend/internal/service/helper.go:77.2,81.38 3 0
github.com/sirosfoundation/go-wallet-backend/internal/service/helper.go:81.38,83.3 1 0
github.com/sirosfoundation/go-wallet-backend/internal/service/helper.go:86.2,87.46 2 0
github.com/sirosfoundation/go-wallet-backend/internal/service/helper.go:87.46,89.3 1 0
github.com/sirosfoundation/go-wallet-backend/internal/service/helper.go:91.2,98.8 2 0
github.com/sirosfoundation/go-wallet-backend/internal/service/issuer.go:21.79,26.2 1 1
github.com/sirosfoundation/go-wallet-backend/internal/service/issuer.go:29.118,31.45 1 1
github.com/sirosfoundation/go-wallet-backend/internal/service/issuer.go:31.45,33.3 1 1
github.com/sirosfoundation/go-wallet-backend/internal/service/issuer.go:36.2,40.35 3 1
github.com/sirosfoundation/go-wallet-backend/internal/service/issuer.go:40.35,42.3 1 1
github.com/sirosfoundation/go-wallet-backend/internal/service/issuer.go:43.2,43.56 1 1
github.com/sirosfoundation/go-wallet-backend/internal/service/issuer.go:43.56,45.3 1 0
github.com/sirosfoundation/go-wallet-backend/internal/service/issuer.go:47.2,47.62 1 1
github.com/sirosfoundation/go-wallet-backend/internal/service/issuer.go:47.62,49.3 1 0
github.com/sirosfoundation/go-wallet-backend/internal/service/issuer.go:51.2,55.12 2 1
github.com/sirosfoundation/go-wallet-backend/internal/service/issuer.go:59.129,61.16 2 1
github.com/sirosfoundation/go-wallet-backend/internal/service/issuer.go:61.16,62.42 1 1
github.com/sirosfoundation/go-wallet-backend/internal/service/issuer.go:62.42,64.4 1 1
github.com/sirosfoundation/go-wallet-backend/internal/service/issuer.go:65.3,65.58 1 0
github.com/sirosfoundation/go-wallet-backend/internal/service/issuer.go:67.2,67.20 1 1
github.com/sirosfoundation/go-wallet-backend/internal/service/issuer.go:71.124,73.16 2 1
github.com/sirosfoundation/go-wallet-backend/internal/service/issuer.go:73.16,74.42 1 1
github.com/sirosfoundation/go-wallet-backend/internal/service/issuer.go:74.42,76.4 1 1
github.com/sirosfoundation/go-wallet-backend/internal/service/issuer.go:77.3,77.58 1 0
github.com/sirosfoundation/go-wallet-backend/internal/service/issuer.go:79.2,79.20 1 1
github.com/sirosfoundation/go-wallet-backend/internal/service/issuer.go:83.115,85.16 2 1
github.com/sirosfoundation/go-wallet-backend/internal/service/issuer.go:85.16,87.3 1 0
github.com/sirosfoundation/go-wallet-backend/internal/service/issuer.go:88.2,88.21 1 1
github.com/sirosfoundation/go-wallet-backend/internal/service/issuer.go:92.92,93.62 1 1
github.com/sirosfoundation/go-wallet-backend/internal/service/issuer.go:93.62,94.42 1 1
github.com/sirosfoundation/go-wallet-backend/internal/service/issuer.go:94.42,96.4 1 1
github.com/sirosfoundation/go-wallet-backend/internal/service/issuer.go:97.3,97.56 1 0
github.com/sirosfoundation/go-wallet-backend/internal/service/issuer.go:100.2,104.12 2 1
github.com/sirosfoundation/go-wallet-backend/internal/service/issuer.go:108.95,109.68 1 1
github.com/sirosfoundation/go-wallet-backend/internal/service/issuer.go:109.68,110.42 1 1
github.com/sirosfoundation/go-wallet-backend/internal/service/issuer.go:110.42,112.4 1 1
github.com/sirosfoundation/go-wallet-backend/internal/service/issuer.go:113.3,113.56 1 0
github.com/sirosfoundation/go-wallet-backend/internal/service/issuer.go:116.2,120.12 2 1
github.com/sirosfoundation/go-wallet-backend/internal/service/keystore.go:26.103,33.2 1 1
github.com/sirosfoundation/go-wallet-backend/internal/service/keystore.go:36.83,38.2 1 0
github.com/sirosfoundation/go-wallet-backend/internal/service/keystore.go:41.65,43.2 1 1
github.com/sirosfoundation/go-wallet-backend/internal/service/keystore.go:47.120,54.16 3 0
github.com/sirosfoundation/go-wallet-backend/internal/service/keystore.go:54.16,60.3 2 0
github.com/sirosfoundation/go-wallet-backend/internal/service/keystore.go:62.2,62.19 1 0
github.com/sirosfoundation/go-wallet-backend/internal/service/keystore.go:67.153,75.16 3 0
github.com/sirosfoundation/go-wallet-backend/internal/service/keystore.go:75.16,81.3 2 0
github.com/sirosfoundation/go-wallet-backend/internal/service/keystore.go:83.2,83.19 1 0
github.com/sirosfoundation/go-wallet-backend/internal/service/keystore.go:87.35,89.2 1 1
github.com/sirosfoundation/go-wallet-backend/internal/service/presentation.go:21.91,26.2 1 1
github.com/sirosfoundation/go-wallet-backend/internal/service/presentation.go:29.135,31.34 1 1
github.com/sirosfoundation/go-wallet-backend/internal/service/presentation.go:31.34,33.3 1 1
github.com/sirosfoundation/go-wallet-backend/internal/service/presentation.go:34.2,34.47 1 1
github.com/sirosfoundation/go-wallet-backend/internal/service/presentation.go:34.47,36.3 1 1
github.com/sirosfoundation/go-wallet-backend/internal/service/presentation.go:39.2,43.35 3 1
github.com/sirosfoundation/go-wallet-backend/internal/service/presentation.go:43.35,45.3 1 1
github.com/sirosfoundation/go-wallet-backend/internal/service/presentation.go:46.2,46.56 1 1
github.com/sirosfoundation/go-wallet-backend/internal/service/presentation.go:46.56,48.3 1 0
github.com/sirosfoundation/go-wallet-backend/internal/service/presentation.go:50.2,50.74 1 1
github.com/sirosfoundation/go-wallet-backend/internal/service/presentation.go:50.74,52.3 1 0
github.com/sirosfoundation/go-wallet-backend/internal/service/presentation.go:54.2,59.12 2 1
github.com/sirosfoundation/go-wallet-backend/internal/service/presentation.go:63.164,65.16 2 1
github.com/sirosfoundation/go-wallet-backend/internal/service/presentation.go:65.16,66.42 1 1
github.com/sirosfoundation/go-wallet-backend/internal/service/presentation.go:66.42,68.4 1 1
github.com/sirosfoundation/go-wallet-backend/internal/service/presentation.go:69.3,69.64 1 0
github.com/sirosfoundation/go-wallet-backend/internal/service/presentation.go:71.2,71.26 1 1
github.com/sirosfoundation/go-wallet-backend/internal/service/presentation.go:75.145,77.16 2 1
github.com/sirosfoundation/go-wallet-backend/internal/service/presentation.go:77.16,79.3 1 0
github.com/sirosfoundation/go-wallet-backend/internal/service/presentation.go:80.2,80.27 1 1
github.com/sirosfoundation/go-wallet-backend/internal/service/presentation.go:84.133,85.105 1 1
github.com/sirosfoundation/go-wallet-backend/internal/service/presentation.go:85.105,86.42 1 1
github.com/sirosfoundation/go-wallet-backend/internal/service/presentation.go:86.42,88.4 1 1
github.com/sirosfoundation/go-wallet-backend/internal/service/presentation.go:89.3,89.62 1 0
github.com/sirosfoundation/go-wallet-backend/internal/service/presentation.go:92.2,97.12 2 1
github.com/sirosfoundation/go-wallet-backend/internal/service/presentation.go:101.137,102.109 1 1
github.com/sirosfoundation/go-wallet-backend/internal/service/presentation.go:102.109,104.3 1 0
github.com/sirosfoundation/go-wallet-backend/internal/service/presentation.go:106.2,111.12 2 1
github.com/sirosfoundation/go-wallet-backend/internal/service/proxy.go:42.76,46.70 1 1
github.com/sirosfoundation/go-wallet-backend/internal/service/proxy.go:46.70,49.5 1 0
github.com/sirosfoundation/go-wallet-backend/internal/service/proxy.go:60.39,62.2 1 1
github.com/sirosfoundation/go-wallet-backend/internal/service/proxy.go:65.104,66.19 1 1
github.com/sirosfoundation/go-wallet-backend/internal/service/proxy.go:66.19,68.3 1 1
github.com/sirosfoundation/go-wallet-backend/internal/service/proxy.go:70.2,71.18 2 1
github.com/sirosfoundation/go-wallet-backend/internal/service/proxy.go:71.18,73.3 1 1
github.com/sirosfoundation/go-wallet-backend/internal/service/proxy.go:75.2,82.21 3 1
github.com/sirosfoundation/go-wallet-backend/internal/service/proxy.go:82.21,84.31 1 1
github.com/sirosfoundation/go-wallet-backend/internal/service/proxy.go:85.15,86.37 1 1
github.com/sirosfoundation/go-wallet-backend/internal/service/proxy.go:87.15,88.35 1 1
github.com/sirosfoundation/go-wallet-backend/internal/service/proxy.go:89.11,92.18 2 1
github.com/sirosfoundation/go-wallet-backend/internal/service/proxy.go:92.18,94.5 1 0
github.com/sirosfoundation/go-wallet-backend/internal/service/proxy.go:95.4,95.42 1 1
github.com/sirosfoundation/go-wallet-backend/internal/service/proxy.go:100.2,101.16 2 1
github.com/sirosfoundation/go-wallet-backend/internal/service/proxy.go:101.16,103.3 1 0
github.com/sirosfoundation/go-wallet-backend/internal/service/proxy.go:106.2,106.38 1 1
github.com/sirosfoundation/go-wallet-backend/internal/service/proxy.go:106.38,108.3 1 1
github.com/sirosfoundation/go-wallet-backend/internal/service/proxy.go:111.2,112.16 2 1
github.com/sirosfoundation/go-wallet-backend/internal/service/proxy.go:112.16,120.3 2 0
github.com/sirosfoundation/go-wallet-backend/internal/service/proxy.go:121.2,125.16 3 1
github.com/sirosfoundation/go-wallet-backend/internal/service/proxy.go:125.16,127.3 1 0
github.com/sirosfoundation/go-wallet-backend/internal/service/proxy.go:130.2,131.39 2 1
github.com/sirosfoundation/go-wallet-backend/internal/service/proxy.go:131.39,132.22 1 1
github.com/sirosfoundation/go-wallet-backend/internal/service/proxy.go:132.22,134.4 1 1
github.com/sirosfoundation/go-wallet-backend/internal/service/proxy.go:137.2,145.14 3 1
github.com/sirosfoundation/go-wallet-backend/internal/service/proxy.go:145.14,147.3 1 0
github.com/sirosfoundation/go-wallet-backend/internal/service/proxy.go:150.2,150.19 1 1
github.com/sirosfoundation/go-wallet-backend/internal/service/proxy.go:150.19,152.57 2 1
github.com/sirosfoundation/go-wallet-backend/internal/service/proxy.go:152.57,155.4 1 0
github.com/sirosfoundation/go-wallet-backend/internal/service/proxy.go:155.9,157.4 1 1
github.com/sirosfoundation/go-wallet-backend/internal/service/proxy.go:160.2,160.27 1 1
github.com/sirosfoundation/go-wallet-backend/internal/service/services.go:27.89,29.16 2 1
github.com/sirosfoundation/go-wallet-backend/internal/service/services.go:29.16,32.3 1 0
github.com/sirosfoundation/go-wallet-backend/internal/service/services.go:34.2,47.3 1 1
github.com/sirosfoundation/go-wallet-backend/internal/service/tenant.go:19.79,24.2 1 1
github.com/sirosfoundation/go-wallet-backend/internal/service/tenant.go:27.82,28.62 1 1
github.com/sirosfoundation/go-wallet-backend/internal/service/tenant.go:28.62,33.3 2 0
github.com/sirosfoundation/go-wallet-backend/internal/service/tenant.go:35.2,39.12 2 1
github.com/sirosfoundation/go-wallet-backend/internal/service/tenant.go:43.98,45.2 1 1
github.com/sirosfoundation/go-wallet-backend/internal/service/tenant.go:48.79,50.2 1 1
github.com/sirosfoundation/go-wallet-backend/internal/service/tenant.go:53.86,55.2 1 1
github.com/sirosfoundation/go-wallet-backend/internal/service/tenant.go:58.82,59.62 1 1
github.com/sirosfoundation/go-wallet-backend/internal/service/tenant.go:59.62,64.3 2 0
github.com/sirosfoundation/go-wallet-backend/internal/service/tenant.go:66.2,67.12 2 1
github.com/sirosfoundation/go-wallet-backend/internal/service/tenant.go:71.79,72.58 1 1
github.com/sirosfoundation/go-wallet-backend/internal/service/tenant.go:72.58,77.3 2 0
github.com/sirosfoundation/go-wallet-backend/internal/service/tenant.go:79.2,80.12 2 1
github.com/sirosfoundation/go-wallet-backend/internal/service/tenant.go:90.87,95.2 1 1
github.com/sirosfoundation/go-wallet-backend/internal/service/tenant.go:98.133,99.16 1 1
github.com/sirosfoundation/go-wallet-backend/internal/service/tenant.go:99.16,101.3 1 1
github.com/sirosfoundation/go-wallet-backend/internal/service/tenant.go:103.2,109.77 2 1
github.com/sirosfoundation/go-wallet-backend/internal/service/tenant.go:109.77,115.3 2 0
github.com/sirosfoundation/go-wallet-backend/internal/service/tenant.go:117.2,122.12 2 1
github.com/sirosfoundation/go-wallet-backend/internal/service/tenant.go:126.125,127.86 1 1
github.com/sirosfoundation/go-wallet-backend/internal/service/tenant.go:127.86,133.3 2 0
github.com/sirosfoundation/go-wallet-backend/internal/service/tenant.go:135.2,139.12 2 1
github.com/sirosfoundation/go-wallet-backend/internal/service/tenant.go:143.114,145.2 1 1
github.com/sirosfoundation/go-wallet-backend/internal/service/tenant.go:148.116,150.2 1 1
github.com/sirosfoundation/go-wallet-backend/internal/service/tenant.go:153.121,155.2 1 1
github.com/sirosfoundation/go-wallet-backend/internal/service/tenant.go:158.150,160.2 1 1
github.com/sirosfoundation/go-wallet-backend/internal/service/user.go:33.95,39.2 1 1
github.com/sirosfoundation/go-wallet-backend/internal/service/user.go:42.104,44.25 1 1
github.com/sirosfoundation/go-wallet-backend/internal/service/user.go:44.25,46.36 2 1
github.com/sirosfoundation/go-wallet-backend/internal/service/user.go:46.36,48.4 1 1
github.com/sirosfoundation/go-wallet-backend/internal/service/user.go:51.2,63.25 2 1
github.com/sirosfoundation/go-wallet-backend/internal/service/user.go:63.25,65.17 2 1
github.com/sirosfoundation/go-wallet-backend/internal/service/user.go:65.17,67.4 1 0
github.com/sirosfoundation/go-wallet-backend/internal/service/user.go:68.3,69.31 2 1
github.com/sirosfoundation/go-wallet-backend/internal/service/user.go:74.2,77.31 2 1
github.com/sirosfoundation/go-wallet-backend/internal/service/user.go:77.31,79.3 1 1
github.com/sirosfoundation/go-wallet-backend/internal/service/user.go:82.2,82.58 1 1
github.com/sirosfoundation/go-wallet-backend/internal/service/user.go:82.58,84.3 1 0
github.com/sirosfoundation/go-wallet-backend/internal/service/user.go:86.2,87.18 2 1
github.com/sirosfoundation/go-wallet-backend/internal/service/user.go:93.107,95.16 2 1
github.com/sirosfoundation/go-wallet-backend/internal/service/user.go:95.16,96.42 1 1
github.com/sirosfoundation/go-wallet-backend/internal/service/user.go:96.42,98.4 1 1
github.com/sirosfoundation/go-wallet-backend/internal/service/user.go:99.3,99.60 1 0
github.com/sirosfoundation/go-wallet-backend/internal/service/user.go:103.2,103.30 1 1
github.com/sirosfoundation/go-wallet-backend/internal/service/user.go:103.30,105.3 1 0
github.com/sirosfoundation/go-wallet-backend/internal/service/user.go:107.2,107.100 1 1
github.com/sirosfoundation/go-wallet-backend/internal/service/user.go:107.100,109.3 1 1
github.com/sirosfoundation/go-wallet-backend/internal/service/user.go:112.2,113.16 2 1
github.com/sirosfoundation/go-wallet-backend/internal/service/user.go:113.16,115.3 1 0
github.com/sirosfoundation/go-wallet-backend/internal/service/user.go:117.2,118.25 2 1
github.com/sirosfoundation/go-wallet-backend/internal/service/user.go:122.96,124.2 1 1
github.com/sirosfoundation/go-wallet-backend/internal/service/user.go:127.80,128.83 1 1
github.com/sirosfoundation/go-wallet-backend/internal/service/user.go:128.83,129.58 1 1
github.com/sirosfoundation/go-wallet-backend/internal/service/user.go:129.58,131.4 1 0
github.com/sirosfoundation/go-wallet-backend/internal/service/user.go:132.3,132.39 1 1
github.com/sirosfoundation/go-wallet-backend/internal/service/user.go:135.2,135.16 1 1
github.com/sirosfoundation/go-wallet-backend/internal/service/user.go:135.16,137.3 1 1
github.com/sirosfoundation/go-wallet-backend/internal/service/user.go:139.2,139.67 1 1
github.com/sirosfoundation/go-wallet-backend/internal/service/user.go:139.67,141.10 2 1
github.com/sirosfoundation/go-wallet-backend/internal/service/user.go:141.10,143.4 1 0
github.com/sirosfoundation/go-wallet-backend/internal/service/user.go:144.3,144.46 1 1
github.com/sirosfoundation/go-wallet-backend/internal/service/user.go:147.2,147.53 1 0
github.com/sirosfoundation/go-wallet-backend/internal/service/user.go:150.72,161.2 3 1
github.com/sirosfoundation/go-wallet-backend/internal/service/user.go:164.79,166.2 1 1
github.com/sirosfoundation/go-wallet-backend/internal/service/user.go:169.105,171.16 2 1
github.com/sirosfoundation/go-wallet-backend/internal/service/user.go:171.16,173.3 1 0
github.com/sirosfoundation/go-wallet-backend/internal/service/user.go:174.2,174.52 1 1
github.com/sirosfoundation/go-wallet-backend/internal/service/user.go:178.129,180.16 2 1
github.com/sirosfoundation/go-wallet-backend/internal/service/user.go:180.16,182.3 1 0
github.com/sirosfoundation/go-wallet-backend/internal/service/user.go:185.2,185.54 1 1
github.com/sirosfoundation/go-wallet-backend/internal/service/user.go:185.54,187.3 1 1
github.com/sirosfoundation/go-wallet-backend/internal/service/user.go:190.2,192.58 2 1
github.com/sirosfoundation/go-wallet-backend/internal/service/user.go:192.58,194.3 1 0
github.com/sirosfoundation/go-wallet-backend/internal/service/user.go:196.2,197.34 2 1
github.com/sirosfoundation/go-wallet-backend/internal/service/user.go:204.101,207.16 2 1
github.com/sirosfoundation/go-wallet-backend/internal/service/user.go:207.16,211.3 2 0
github.com/sirosfoundation/go-wallet-backend/internal/service/user.go:214.2,214.37 1 1
github.com/sirosfoundation/go-wallet-backend/internal/service/user.go:214.37,217.57 2 0
github.com/sirosfoundation/go-wallet-backend/internal/service/user.go:217.57,219.4 1 0
github.com/sirosfoundation/go-wallet-backend/internal/service/user.go:220.3,220.36 1 0
github.com/sirosfoundation/go-wallet-backend/internal/service/user.go:220.36,221.108 1 0
github.com/sirosfoundation/go-wallet-backend/internal/service/user.go:221.108,223.5 1 0
github.com/sirosfoundation/go-wallet-backend/internal/service/user.go:227.3,228.57 2 0
github.com/sirosfoundation/go-wallet-backend/internal/service/user.go:228.57,230.4 1 0
github.com/sirosfoundation/go-wallet-backend/internal/service/user.go:231.3,231.38 1 0
github.com/sirosfoundation/go-wallet-backend/internal/service/user.go:231.38,232.112 1 0
github.com/sirosfoundation/go-wallet-backend/internal/service/user.go:232.112,234.5 1 0
github.com/sirosfoundation/go-wallet-backend/internal/service/user.go:238.3,238.87 1 0
github.com/sirosfoundation/go-wallet-backend/internal/service/user.go:238.87,240.4 1 0
github.com/sirosfoundation/go-wallet-backend/internal/service/user.go:244.2,244.60 1 1
github.com/sirosfoundation/go-wallet-backend/internal/service/user.go:244.60,246.3 1 0
github.com/sirosfoundation/go-wallet-backend/internal/service/user.go:248.2,249.12 2 1
github.com/sirosfoundation/go-wallet-backend/internal/service/user.go:253.164,255.16 2 0
github.com/sirosfoundation/go-wallet-backend/internal/service/user.go:255.16,257.3 1 0
github.com/sirosfoundation/go-wallet-backend/internal/service/user.go:260.2,260.40 1 0
github.com/sirosfoundation/go-wallet-backend/internal/service/user.go:260.40,262.3 1 0
github.com/sirosfoundation/go-wallet-backend/internal/service/user.go:265.2,265.54 1 0
github.com/sirosfoundation/go-wallet-backend/internal/service/user.go:265.54,267.3 1 0
github.com/sirosfoundation/go-wallet-backend/internal/service/user.go:270.2,272.48 3 0
github.com/sirosfoundation/go-wallet-backend/internal/service/user.go:272.48,273.30 1 0
github.com/sirosfoundation/go-wallet-backend/internal/service/user.go:273.30,275.12 2 0
github.com/sirosfoundation/go-wallet-backend/internal/service/user.go:277.3,277.48 1 0
github.com/sirosfoundation/go-wallet-backend/internal/service/user.go:280.2,280.12 1 0
github.com/sirosfoundation/go-wallet-backend/internal/service/user.go:280.12,282.3 1 0
github.com/sirosfoundation/go-wallet-backend/internal/service/user.go:284.2,287.58 3 0
github.com/sirosfoundation/go-wallet-backend/internal/service/user.go:287.58,289.3 1 0
github.com/sirosfoundation/go-wallet-backend/internal/service/user.go:291.2,295.34 2 0
github.com/sirosfoundation/go-wallet-backend/internal/service/user.go:299.135,301.16 2 0
github.com/sirosfoundation/go-wallet-backend/internal/service/user.go:301.16,303.3 1 0
github.com/sirosfoundation/go-wallet-backend/internal/service/user.go:306.2,307.42 2 0
github.com/sirosfoundation/go-wallet-backend/internal/service/user.go:307.42,308.53 1 0
github.com/sirosfoundation/go-wallet-backend/internal/service/user.go:308.53,311.9 3 0
github.com/sirosfoundation/go-wallet-backend/internal/service/user.go:315.2,315.12 1 0
github.com/sirosfoundation/go-wallet-backend/internal/service/user.go:315.12,317.3 1 0
github.com/sirosfoundation/go-wallet-backend/internal/service/user.go:319.2,319.58 1 0
github.com/sirosfoundation/go-wallet-backend/internal/service/user.go:319.58,321.3 1 0
github.com/sirosfoundation/go-wallet-backend/internal/service/user.go:323.2,327.12 2 0
github.com/sirosfoundation/go-wallet-backend/internal/service/user.go:331.80,333.58 2 1
github.com/sirosfoundation/go-wallet-backend/internal/service/user.go:333.58,335.3 1 0
github.com/sirosfoundation/go-wallet-backend/internal/service/user.go:336.2,336.12 1 1
github.com/sirosfoundation/go-wallet-backend/internal/service/verifier.go:20.83,25.2 1 1
github.com/sirosfoundation/go-wallet-backend/internal/service/verifier.go:28.109,30.16 2 1
github.com/sirosfoundation/go-wallet-backend/internal/service/verifier.go:30.16,32.3 1 0
github.com/sirosfoundation/go-wallet-backend/internal/service/verifier.go:33.2,33.23 1 1
github.com/sirosfoundation/go-wallet-backend/internal/service/wallet_provider.go:33.94,40.89 2 1
github.com/sirosfoundation/go-wallet-backend/internal/service/wallet_provider.go:40.89,41.40 1 0
github.com/sirosfoundation/go-wallet-backend/internal/service/wallet_provider.go:41.40,43.4 1 0
github.com/sirosfoundation/go-wallet-backend/internal/service/wallet_provider.go:46.2,46.12 1 1
github.com/sirosfoundation/go-wallet-backend/internal/service/wallet_provider.go:49.50,52.16 2 0
github.com/sirosfoundation/go-wallet-backend/internal/service/wallet_provider.go:52.16,54.3 1 0
github.com/sirosfoundation/go-wallet-backend/internal/service/wallet_provider.go:56.2,57.18 2 0
github.com/sirosfoundation/go-wallet-backend/internal/service/wallet_provider.go:57.18,59.3 1 0
github.com/sirosfoundation/go-wallet-backend/internal/service/wallet_provider.go:61.2,62.16 2 0
github.com/sirosfoundation/go-wallet-backend/internal/service/wallet_provider.go:62.16,65.18 2 0
github.com/sirosfoundation/go-wallet-backend/internal/service/wallet_provider.go:65.18,67.4 1 0
github.com/sirosfoundation/go-wallet-backend/internal/service/wallet_provider.go:68.3,70.10 3 0
github.com/sirosfoundation/go-wallet-backend/internal/service/wallet_provider.go:70.10,72.4 1 0
github.com/sirosfoundation/go-wallet-backend/internal/service/wallet_provider.go:74.2,78.16 3 0
github.com/sirosfoundation/go-wallet-backend/internal/service/wallet_provider.go:78.16,80.3 1 0
github.com/sirosfoundation/go-wallet-backend/internal/service/wallet_provider.go:83.2,92.43 7 0
github.com/sirosfoundation/go-wallet-backend/internal/service/wallet_provider.go:92.43,94.17 2 0
github.com/sirosfoundation/go-wallet-backend/internal/service/wallet_provider.go:94.17,100.19 6 0
github.com/sirosfoundation/go-wallet-backend/internal/service/wallet_provider.go:100.19,102.5 1 0
github.com/sirosfoundation/go-wallet-backend/internal/service/wallet_provider.go:106.2,107.12 2 0
github.com/sirosfoundation/go-wallet-backend/internal/service/wallet_provider.go:111.52,113.2 1 0
github.com/sirosfoundation/go-wallet-backend/internal/service/wallet_provider.go:116.138,117.22 1 0
github.com/sirosfoundation/go-wallet-backend/internal/service/wallet_provider.go:117.22,119.3 1 0
github.com/sirosfoundation/go-wallet-backend/internal/service/wallet_provider.go:122.2,137.16 7 0
github.com/sirosfoundation/go-wallet-backend/internal/service/wallet_provider.go:137.16,140.3 2 0
github.com/sirosfoundation/go-wallet-backend/internal/service/wallet_provider.go:142.2,142.25 1 0
github.com/sirosfoundation/go-wallet-backend/internal/service/wallet_provider.go:146.56,148.2 1 0
github.com/sirosfoundation/go-wallet-backend/internal/service/webauthn.go:40.112,48.16 3 1
github.com/sirosfoundation/go-wallet-backend/internal/service/webauthn.go:48.16,50.3 1 0
github.com/sirosfoundation/go-wallet-backend/internal/service/webauthn.go:52.2,57.8 1 1
github.com/sirosfoundation/go-wallet-backend/internal/service/webauthn.go:65.44,67.2 1 1
github.com/sirosfoundation/go-wallet-backend/internal/service/webauthn.go:69.46,70.28 1 1
github.com/sirosfoundation/go-wallet-backend/internal/service/webauthn.go:70.28,72.3 1 1
github.com/sirosfoundation/go-wallet-backend/internal/service/webauthn.go:73.2,73.29 1 1
github.com/sirosfoundation/go-wallet-backend/internal/service/webauthn.go:76.53,77.31 1 1
github.com/sirosfoundation/go-wallet-backend/internal/service/webauthn.go:77.31,79.3 1 1
github.com/sirosfoundation/go-wallet-backend/internal/service/webauthn.go:80.2,80.25 1 1
github.com/sirosfoundation/go-wallet-backend/internal/service/webauthn.go:83.68,85.47 2 1
github.com/sirosfoundation/go-wallet-backend/internal/service/webauthn.go:85.47,103.3 1 0
github.com/sirosfoundation/go-wallet-backend/internal/service/webauthn.go:104.2,104.14 1 1
github.com/sirosfoundation/go-wallet-backend/internal/service/webauthn.go:107.77,109.31 2 0
github.com/sirosfoundation/go-wallet-backend/internal/service/webauthn.go:109.31,111.3 1 0
github.com/sirosfoundation/go-wallet-backend/internal/service/webauthn.go:112.2,112.15 1 0
github.com/sirosfoundation/go-wallet-backend/internal/service/webauthn.go:116.87,118.2 1 0
github.com/sirosfoundation/go-wallet-backend/internal/service/webauthn.go:199.122,215.16 5 1
github.com/sirosfoundation/go-wallet-backend/internal/service/webauthn.go:215.16,218.3 2 0
github.com/sirosfoundation/go-wallet-backend/internal/service/webauthn.go:221.2,230.68 3 1
github.com/sirosfoundation/go-wallet-backend/internal/service/webauthn.go:230.68,233.3 2 0
github.com/sirosfoundation/go-wallet-backend/internal/service/webauthn.go:235.2,240.16 3 1
github.com/sirosfoundation/go-wallet-backend/internal/service/webauthn.go:240.16,242.3 1 0
github.com/sirosfoundation/go-wallet-backend/internal/service/webauthn.go:244.2,278.8 2 1
github.com/sirosfoundation/go-wallet-backend/internal/service/webauthn.go:302.136,305.16 2 1
github.com/sirosfoundation/go-wallet-backend/internal/service/webauthn.go:305.16,306.42 1 1
github.com/sirosfoundation/go-wallet-backend/internal/service/webauthn.go:306.42,308.4 1 1
github.com/sirosfoundation/go-wallet-backend/internal/service/webauthn.go:309.3,309.61 1 0
github.com/sirosfoundation/go-wallet-backend/internal/service/webauthn.go:312.2,312.27 1 1
github.com/sirosfoundation/go-wallet-backend/internal/service/webauthn.go:312.27,315.3 2 1
github.com/sirosfoundation/go-wallet-backend/internal/service/webauthn.go:317.2,317.36 1 0
github.com/sirosfoundation/go-wallet-backend/internal/service/webauthn.go:317.36,319.3 1 0
github.com/sirosfoundation/go-wallet-backend/internal/service/webauthn.go:322.2,327.23 4 0
github.com/sirosfoundation/go-wallet-backend/internal/service/webauthn.go:327.23,329.3 1 0
github.com/sirosfoundation/go-wallet-backend/internal/service/webauthn.go:331.2,348.16 5 0
github.com/sirosfoundation/go-wallet-backend/internal/service/webauthn.go:348.16,351.3 2 0
github.com/sirosfoundation/go-wallet-backend/internal/service/webauthn.go:354.2,355.16 2 0
github.com/sirosfoundation/go-wallet-backend/internal/service/webauthn.go:355.16,358.3 2 0
github.com/sirosfoundation/go-wallet-backend/internal/service/webauthn.go:361.2,362.20 2 0
github.com/sirosfoundation/go-wallet-backend/internal/service/webauthn.go:362.20,364.3 1 0
github.com/sirosfoundation/go-wallet-backend/internal/service/webauthn.go:366.2,367.41 2 0
github.com/sirosfoundation/go-wallet-backend/internal/service/webauthn.go:367.41,369.3 1 0
github.com/sirosfoundation/go-wallet-backend/internal/service/webauthn.go:371.2,398.31 3 0
github.com/sirosfoundation/go-wallet-backend/internal/service/webauthn.go:398.31,400.3 1 0
github.com/sirosfoundation/go-wallet-backend/internal/service/webauthn.go:403.2,403.58 1 0
github.com/sirosfoundation/go-wallet-backend/internal/service/webauthn.go:403.58,406.3 2 0
github.com/sirosfoundation/go-wallet-backend/internal/service/webauthn.go:409.2,410.16 2 0
github.com/sirosfoundation/go-wallet-backend/internal/service/webauthn.go:410.16,412.3 1 0
github.com/sirosfoundation/go-wallet-backend/internal/service/webauthn.go:414.2,417.26 3 0
github.com/sirosfoundation/go-wallet-backend/internal/service/webauthn.go:417.26,419.3 1 0
github.com/sirosfoundation/go-wallet-backend/internal/service/webauthn.go:421.2,428.8 1 0
github.com/sirosfoundation/go-wallet-backend/internal/service/webauthn.go:452.88,457.16 2 1
github.com/sirosfoundation/go-wallet-backend/internal/service/webauthn.go:457.16,460.3 2 0
github.com/sirosfoundation/go-wallet-backend/internal/service/webauthn.go:463.2,472.68 3 1
github.com/sirosfoundation/go-wallet-backend/internal/service/webauthn.go:472.68,475.3 2 0
github.com/sirosfoundation/go-wallet-backend/internal/service/webauthn.go:477.2,481.16 3 1
github.com/sirosfoundation/go-wallet-backend/internal/service/webauthn.go:481.16,483.3 1 0
github.com/sirosfoundation/go-wallet-backend/internal/service/webauthn.go:485.2,497.8 2 1
github.com/sirosfoundation/go-wallet-backend/internal/service/webauthn.go:517.115,520.16 2 1
github.com/sirosfoundation/go-wallet-backend/internal/service/webauthn.go:520.16,521.42 1 1
github.com/sirosfoundation/go-wallet-backend/internal/service/webauthn.go:521.42,523.4 1 1
github.com/sirosfoundation/go-wallet-backend/internal/service/webauthn.go:524.3,524.61 1 0
github.com/sirosfoundation/go-wallet-backend/internal/service/webauthn.go:527.2,527.27 1 0
github.com/sirosfoundation/go-wallet-backend/internal/service/webauthn.go:527.27,530.3 2 0
github.com/sirosfoundation/go-wallet-backend/internal/service/webauthn.go:532.2,532.33 1 0
github.com/sirosfoundation/go-wallet-backend/internal/service/webauthn.go:532.33,534.3 1 0
github.com/sirosfoundation/go-wallet-backend/internal/service/webauthn.go:537.2,543.16 3 0
github.com/sirosfoundation/go-wallet-backend/internal/service/webauthn.go:543.16,546.3 2 0
github.com/sirosfoundation/go-wallet-backend/internal/service/webauthn.go:549.2,549.50 1 0
github.com/sirosfoundation/go-wallet-backend/internal/service/webauthn.go:549.50,551.3 1 0
github.com/sirosfoundation/go-wallet-backend/internal/service/webauthn.go:553.2,555.16 3 0
github.com/sirosfoundation/go-wallet-backend/internal/service/webauthn.go:555.16,556.42 1 0
github.com/sirosfoundation/go-wallet-backend/internal/service/webauthn.go:556.42,558.4 1 0
github.com/sirosfoundation/go-wallet-backend/internal/service/webauthn.go:559.3,559.56 1 0
github.com/sirosfoundation/go-wallet-backend/internal/service/webauthn.go:563.2,565.45 3 0
github.com/sirosfoundation/go-wallet-backend/internal/service/webauthn.go:565.45,566.35 1 0
github.com/sirosfoundation/go-wallet-backend/internal/service/webauthn.go:566.35,568.9 2 0
github.com/sirosfoundation/go-wallet-backend/internal/service/webauthn.go:572.2,572.24 1 0
github.com/sirosfoundation/go-wallet-backend/internal/service/webauthn.go:572.24,574.3 1 0
github.com/sirosfoundation/go-wallet-backend/internal/service/webauthn.go:577.2,585.57 2 0
github.com/sirosfoundation/go-wallet-backend/internal/service/webauthn.go:585.57,588.18 3 0
github.com/sirosfoundation/go-wallet-backend/internal/service/webauthn.go:588.18,590.5 1 0
github.com/sirosfoundation/go-wallet-backend/internal/service/webauthn.go:591.4,591.38 1 0
github.com/sirosfoundation/go-wallet-backend/internal/service/webauthn.go:596.2,596.16 1 0
github.com/sirosfoundation/go-wallet-backend/internal/service/webauthn.go:596.16,599.3 2 0
github.com/sirosfoundation/go-wallet-backend/internal/service/webauthn.go:602.2,605.58 3 0
github.com/sirosfoundation/go-wallet-backend/internal/service/webauthn.go:605.58,608.3 1 0
github.com/sirosfoundation/go-wallet-backend/internal/service/webauthn.go:611.2,612.16 2 0
github.com/sirosfoundation/go-wallet-backend/internal/service/webauthn.go:612.16,614.3 1 0
github.com/sirosfoundation/go-wallet-backend/internal/service/webauthn.go:616.2,617.29 2 0
github.com/sirosfoundation/go-wallet-backend/internal/service/webauthn.go:617.29,619.3 1 0
github.com/sirosfoundation/go-wallet-backend/internal/service/webauthn.go:621.2,622.26 2 0
github.com/sirosfoundation/go-wallet-backend/internal/service/webauthn.go:622.26,624.3 1 0
github.com/sirosfoundation/go-wallet-backend/internal/service/webauthn.go:626.2,635.8 2 0
github.com/sirosfoundation/go-wallet-backend/internal/service/webauthn.go:638.76,649.2 3 0
github.com/sirosfoundation/go-wallet-backend/internal/service/webauthn.go:651.35,655.2 3 1
github.com/sirosfoundation/go-wallet-backend/internal/service/webauthn.go:657.56,659.23 2 0
github.com/sirosfoundation/go-wallet-backend/internal/service/webauthn.go:659.23,661.3 1 0
github.com/sirosfoundation/go-wallet-backend/internal/service/webauthn.go:662.2,662.24 1 0
github.com/sirosfoundation/go-wallet-backend/internal/service/webauthn.go:662.24,664.3 1 0
github.com/sirosfoundation/go-wallet-backend/internal/service/webauthn.go:665.2,665.26 1 0
github.com/sirosfoundation/go-wallet-backend/internal/service/webauthn.go:665.26,667.3 1 0
github.com/sirosfoundation/go-wallet-backend/internal/service/webauthn.go:668.2,668.23 1 0
github.com/sirosfoundation/go-wallet-backend/internal/service/webauthn.go:668.23,670.3 1 0
github.com/sirosfoundation/go-wallet-backend/internal/service/webauthn.go:671.2,671.15 1 0
github.com/sirosfoundation/go-wallet-backend/internal/service/webauthn.go:682.126,685.16 2 0
github.com/sirosfoundation/go-wallet-backend/internal/service/webauthn.go:685.16,687.3 1 0
github.com/sirosfoundation/go-wallet-backend/internal/service/webauthn.go:689.2,699.16 3 0
github.com/sirosfoundation/go-wallet-backend/internal/service/webauthn.go:699.16,702.3 2 0
github.com/sirosfoundation/go-wallet-backend/internal/service/webauthn.go:705.2,714.68 3 0
github.com/sirosfoundation/go-wallet-backend/internal/service/webauthn.go:714.68,716.3 1 0
github.com/sirosfoundation/go-wallet-backend/internal/service/webauthn.go:718.2,719.26 2 0
github.com/sirosfoundation/go-wallet-backend/internal/service/webauthn.go:719.26,721.3 1 0
github.com/sirosfoundation/go-wallet-backend/internal/service/webauthn.go:724.2,725.16 2 0
github.com/sirosfoundation/go-wallet-backend/internal/service/webauthn.go:725.16,727.3 1 0
github.com/sirosfoundation/go-wallet-backend/internal/service/webauthn.go:730.2,731.48 2 0
github.com/sirosfoundation/go-wallet-backend/internal/service/webauthn.go:731.48,737.3 1 0
github.com/sirosfoundation/go-wallet-backend/internal/service/webauthn.go:739.2,774.8 2 0
github.com/sirosfoundation/go-wallet-backend/internal/service/webauthn.go:792.177,795.16 2 0
github.com/sirosfoundation/go-wallet-backend/internal/service/webauthn.go:795.16,797.3 1 0
github.com/sirosfoundation/go-wallet-backend/internal/service/webauthn.go:800.2,801.16 2 0
github.com/sirosfoundation/go-wallet-backend/internal/service/webauthn.go:801.16,802.42 1 0
github.com/sirosfoundation/go-wallet-backend/internal/service/webauthn.go:802.42,804.4 1 0
github.com/sirosfoundation/go-wallet-backend/internal/service/webauthn.go:805.3,805.61 1 0
github.com/sirosfoundation/go-wallet-backend/internal/service/webauthn.go:808.2,808.27 1 0
github.com/sirosfoundation/go-wallet-backend/internal/service/webauthn.go:808.27,811.3 2 0
github.com/sirosfoundation/go-wallet-backend/internal/service/webauthn.go:813.2,813.42 1 0
github.com/sirosfoundation/go-wallet-backend/internal/service/webauthn.go:813.42,815.3 1 0
github.com/sirosfoundation/go-wallet-backend/internal/service/webauthn.go:817.2,817.41 1 0
github.com/sirosfoundation/go-wallet-backend/internal/service/webauthn.go:817.41,819.3 1 0
github.com/sirosfoundation/go-wallet-backend/internal/service/webauthn.go:822.2,837.16 5 0
github.com/sirosfoundation/go-wallet-backend/internal/service/webauthn.go:837.16,840.3 2 0
github.com/sirosfoundation/go-wallet-backend/internal/service/webauthn.go:843.2,844.16 2 0
github.com/sirosfoundation/go-wallet-backend/internal/service/webauthn.go:844.16,847.3 2 0
github.com/sirosfoundation/go-wallet-backend/internal/service/webauthn.go:850.2,850.47 1 0
github.com/sirosfoundation/go-wallet-backend/internal/service/webauthn.go:850.47,851.38 1 0
github.com/sirosfoundation/go-wallet-backend/internal/service/webauthn.go:851.38,853.4 1 0
github.com/sirosfoundation/go-wallet-backend/internal/service/webauthn.go:857.2,858.20 2 0
github.com/sirosfoundation/go-wallet-backend/internal/service/webauthn.go:858.20,860.3 1 0
github.com/sirosfoundation/go-wallet-backend/internal/service/webauthn.go:862.2,863.41 2 0
github.com/sirosfoundation/go-wallet-backend/internal/service/webauthn.go:863.41,865.3 1 0
github.com/sirosfoundation/go-wallet-backend/internal/service/webauthn.go:867.2,886.30 4 0
github.com/sirosfoundation/go-wallet-backend/internal/service/webauthn.go:886.30,889.3 2 0
github.com/sirosfoundation/go-wallet-backend/internal/service/webauthn.go:891.2,893.58 2 0
github.com/sirosfoundation/go-wallet-backend/internal/service/webauthn.go:893.58,895.3 1 0
github.com/sirosfoundation/go-wallet-backend/internal/service/webauthn.go:897.2,902.8 2 0
github.com/sirosfoundation/go-wallet-backend/internal/service/webauthn.go:914.57,918.2 2 0
github.com/sirosfoundation/go-wallet-backend/internal/service/webauthn.go:920.62,921.29 1 0
github.com/sirosfoundation/go-wallet-backend/internal/service/webauthn.go:921.29,923.3 1 0
github.com/sirosfoundation/go-wallet-backend/internal/service/webauthn.go:924.2,926.15 3 0
github.com/sirosfoundation/go-wallet-backend/internal/websocket/manager.go:92.66,99.44 1 1
github.com/sirosfoundation/go-wallet-backend/internal/websocket/manager.go:99.44,102.5 1 1
github.com/sirosfoundation/go-wallet-backend/internal/websocket/manager.go:109.76,111.16 2 1
github.com/sirosfoundation/go-wallet-backend/internal/websocket/manager.go:111.16,114.3 2 0
github.com/sirosfoundation/go-wallet-backend/internal/websocket/manager.go:116.2,119.25 2 1
github.com/sirosfoundation/go-wallet-backend/internal/websocket/manager.go:122.54,127.6 3 1
github.com/sirosfoundation/go-wallet-backend/internal/websocket/manager.go:127.6,129.17 2 1
github.com/sirosfoundation/go-wallet-backend/internal/websocket/manager.go:129.17,130.103 1 1
github.com/sirosfoundation/go-wallet-backend/internal/websocket/manager.go:130.103,132.5 1 0
github.com/sirosfoundation/go-wallet-backend/internal/websocket/manager.go:133.4,133.9 1 1
github.com/sirosfoundation/go-wallet-backend/internal/websocket/manager.go:136.3,137.55 2 1
github.com/sirosfoundation/go-wallet-backend/internal/websocket/manager.go:137.55,139.12 2 0
github.com/sirosfoundation/go-wallet-backend/internal/websocket/manager.go:143.3,143.25 1 1
github.com/sirosfoundation/go-wallet-backend/internal/websocket/manager.go:143.25,145.18 2 1
github.com/sirosfoundation/go-wallet-backend/internal/websocket/manager.go:145.18,148.13 3 1
github.com/sirosfoundation/go-wallet-backend/internal/websocket/manager.go:152.4,159.45 3 1
github.com/sirosfoundation/go-wallet-backend/internal/websocket/manager.go:159.45,161.5 1 0
github.com/sirosfoundation/go-wallet-backend/internal/websocket/manager.go:162.4,167.12 5 1
github.com/sirosfoundation/go-wallet-backend/internal/websocket/manager.go:171.3,171.43 1 0
github.com/sirosfoundation/go-wallet-backend/internal/websocket/manager.go:171.43,173.88 2 0
github.com/sirosfoundation/go-wallet-backend/internal/websocket/manager.go:173.88,174.60 1 0
github.com/sirosfoundation/go-wallet-backend/internal/websocket/manager.go:174.60,176.6 1 0
github.com/sirosfoundation/go-wallet-backend/internal/websocket/manager.go:176.11,178.6 1 0
github.com/sirosfoundation/go-wallet-backend/internal/websocket/manager.go:180.4,180.29 1 0
github.com/sirosfoundation/go-wallet-backend/internal/websocket/manager.go:185.2,185.19 1 1
[...]
github.com/sirosfoundation/go-wallet-backend/internal/storage/mongodb/credentials.go:91.3,91.62 1 0
github.com/sirosfoundation/go-wallet-backend/internal/storage/mongodb/credentials.go:93.2,93.25 1 0
github.com/sirosfoundation/go-wallet-backend/internal/storage/mongodb/credentials.go:96.147,98.16 2 0
github.com/sirosfoundation/go-wallet-backend/internal/storage/mongodb/credentials.go:98.16,100.3 1 0
github.com/sirosfoundation/go-wallet-backend/internal/storage/mongodb/credentials.go:101.2,104.54 3 0
github.com/sirosfoundation/go-wallet-backend/internal/storage/mongodb/credentials.go:104.54,106.3 1 0
github.com/sirosfoundation/go-wallet-backend/internal/storage/mongodb/credentials.go:107.2,107.25 1 0
github.com/sirosfoundation/go-wallet-backend/internal/storage/mongodb/credentials.go:110.102,113.16 3 0
github.com/sirosfoundation/go-wallet-backend/internal/storage/mongodb/credentials.go:113.16,115.3 1 0
github.com/sirosfoundation/go-wallet-backend/internal/storage/mongodb/credentials.go:116.2,116.30 1 0
github.com/sirosfoundation/go-wallet-backend/internal/storage/mongodb/credentials.go:116.30,118.3 1 0
github.com/sirosfoundation/go-wallet-backend/internal/storage/mongodb/credentials.go:119.2,119.12 1 0
github.com/sirosfoundation/go-wallet-backend/internal/storage/mongodb/credentials.go:122.127,128.16 2 0
github.com/sirosfoundation/go-wallet-backend/internal/storage/mongodb/credentials.go:128.16,130.3 1 0
github.com/sirosfoundation/go-wallet-backend/internal/storage/mongodb/credentials.go:131.2,131.30 1 0
github.com/sirosfoundation/go-wallet-backend/internal/storage/mongodb/credentials.go:131.30,133.3 1 0
github.com/sirosfoundation/go-wallet-backend/internal/storage/mongodb/credentials.go:134.2,134.12 1 0
github.com/sirosfoundation/go-wallet-backend/internal/storage/mongodb/credentials.go:143.75,155.44 3 0
github.com/sirosfoundation/go-wallet-backend/internal/storage/mongodb/credentials.go:155.44,156.34 1 0
github.com/sirosfoundation/go-wallet-backend/internal/storage/mongodb/credentials.go:156.34,158.18 2 0
github.com/sirosfoundation/go-wallet-backend/internal/storage/mongodb/credentials.go:158.18,160.5 1 0
github.com/sirosfoundation/go-wallet-backend/internal/storage/mongodb/credentials.go:161.4,161.17 1 0
github.com/sirosfoundation/go-wallet-backend/internal/storage/mongodb/credentials.go:163.3,163.16 1 0
github.com/sirosfoundation/go-wallet-backend/internal/storage/mongodb/credentials.go:165.2,165.23 1 0
github.com/sirosfoundation/go-wallet-backend/internal/storage/mongodb/credentials.go:168.108,170.16 2 0
github.com/sirosfoundation/go-wallet-backend/internal/storage/mongodb/credentials.go:170.16,172.3 1 0
github.com/sirosfoundation/go-wallet-backend/internal/storage/mongodb/credentials.go:174.2,175.40 2 0
github.com/sirosfoundation/go-wallet-backend/internal/storage/mongodb/credentials.go:175.40,177.3 1 0
github.com/sirosfoundation/go-wallet-backend/internal/storage/mongodb/credentials.go:179.2,180.16 2 0
github.com/sirosfoundation/go-wallet-backend/internal/storage/mongodb/credentials.go:180.16,181.37 1 0
github.com/sirosfoundation/go-wallet-backend/internal/storage/mongodb/credentials.go:181.37,183.4 1 0
github.com/sirosfoundation/go-wallet-backend/internal/storage/mongodb/credentials.go:184.3,184.62 1 0
github.com/sirosfoundation/go-wallet-backend/internal/storage/mongodb/credentials.go:186.2,186.12 1 0
github.com/sirosfoundation/go-wallet-backend/internal/storage/mongodb/credentials.go:189.134,192.16 3 0
github.com/sirosfoundation/go-wallet-backend/internal/storage/mongodb/credentials.go:192.16,193.34 1 0
github.com/sirosfoundation/go-wallet-backend/internal/storage/mongodb/credentials.go:193.34,195.4 1 0
github.com/sirosfoundation/go-wallet-backend/internal/storage/mongodb/credentials.go:196.3,196.64 1 0
github.com/sirosfoundation/go-wallet-backend/internal/storage/mongodb/credentials.go:198.2,198.27 1 0
github.com/sirosfoundation/go-wallet-backend/internal/storage/mongodb/credentials.go:201.174,208.16 3 0
github.com/sirosfoundation/go-wallet-backend/internal/storage/mongodb/credentials.go:208.16,209.34 1 0
github.com/sirosfoundation/go-wallet-backend/internal/storage/mongodb/credentials.go:209.34,211.4 1 0
github.com/sirosfoundation/go-wallet-backend/internal/storage/mongodb/credentials.go:212.3,212.64 1 0
github.com/sirosfoundation/go-wallet-backend/internal/storage/mongodb/credentials.go:214.2,214.27 1 0
github.com/sirosfoundation/go-wallet-backend/internal/storage/mongodb/credentials.go:217.151,219.16 2 0
github.com/sirosfoundation/go-wallet-backend/internal/storage/mongodb/credentials.go:219.16,221.3 1 0
github.com/sirosfoundation/go-wallet-backend/internal/storage/mongodb/credentials.go:222.2,225.56 3 0
github.com/sirosfoundation/go-wallet-backend/internal/storage/mongodb/credentials.go:225.56,227.3 1 0
github.com/sirosfoundation/go-wallet-backend/internal/storage/mongodb/credentials.go:228.2,228.27 1 0
github.com/sirosfoundation/go-wallet-backend/internal/storage/mongodb/credentials.go:231.135,237.16 2 0
github.com/sirosfoundation/go-wallet-backend/internal/storage/mongodb/credentials.go:237.16,239.3 1 0
github.com/sirosfoundation/go-wallet-backend/internal/storage/mongodb/credentials.go:240.2,240.12 1 0
github.com/sirosfoundation/go-wallet-backend/internal/storage/mongodb/credentials.go:243.131,249.16 2 0
github.com/sirosfoundation/go-wallet-backend/internal/storage/mongodb/credentials.go:249.16,251.3 1 0
github.com/sirosfoundation/go-wallet-backend/internal/storage/mongodb/credentials.go:252.2,252.30 1 0
github.com/sirosfoundation/go-wallet-backend/internal/storage/mongodb/credentials.go:252.30,254.3 1 0
github.com/sirosfoundation/go-wallet-backend/internal/storage/mongodb/credentials.go:255.2,255.12 1 0
github.com/sirosfoundation/go-wallet-backend/internal/storage/mongodb/mongodb.go:34.79,40.16 3 0
github.com/sirosfoundation/go-wallet-backend/internal/storage/mongodb/mongodb.go:40.16,42.3 1 0
github.com/sirosfoundation/go-wallet-backend/internal/storage/mongodb/mongodb.go:45.2,45.46 1 0
github.com/sirosfoundation/go-wallet-backend/internal/storage/mongodb/mongodb.go:45.46,47.3 1 0
github.com/sirosfoundation/go-wallet-backend/internal/storage/mongodb/mongodb.go:49.2,69.55 12 0
github.com/sirosfoundation/go-wallet-backend/internal/storage/mongodb/mongodb.go:69.55,71.3 1 0
github.com/sirosfoundation/go-wallet-backend/internal/storage/mongodb/mongodb.go:74.2,74.45 1 0
github.com/sirosfoundation/go-wallet-backend/internal/storage/mongodb/mongodb.go:74.45,76.3 1 0
github.com/sirosfoundation/go-wallet-backend/internal/storage/mongodb/mongodb.go:78.2,78.15 1 0
github.com/sirosfoundation/go-wallet-backend/internal/storage/mongodb/mongodb.go:81.58,87.16 2 0
github.com/sirosfoundation/go-wallet-backend/internal/storage/mongodb/mongodb.go:87.16,89.3 1 0
github.com/sirosfoundation/go-wallet-backend/internal/storage/mongodb/mongodb.go:92.2,96.16 2 0
github.com/sirosfoundation/go-wallet-backend/internal/storage/mongodb/mongodb.go:96.16,98.3 1 0
github.com/sirosfoundation/go-wallet-backend/internal/storage/mongodb/mongodb.go:101.2,105.16 2 0
github.com/sirosfoundation/go-wallet-backend/internal/storage/mongodb/mongodb.go:105.16,107.3 1 0
github.com/sirosfoundation/go-wallet-backend/internal/storage/mongodb/mongodb.go:110.2,114.16 2 0
github.com/sirosfoundation/go-wallet-backend/internal/storage/mongodb/mongodb.go:114.16,116.3 1 0
github.com/sirosfoundation/go-wallet-backend/internal/storage/mongodb/mongodb.go:119.2,123.16 2 0
github.com/sirosfoundation/go-wallet-backend/internal/storage/mongodb/mongodb.go:123.16,125.3 1 0
github.com/sirosfoundation/go-wallet-backend/internal/storage/mongodb/mongodb.go:128.2,132.16 2 0
github.com/sirosfoundation/go-wallet-backend/internal/storage/mongodb/mongodb.go:132.16,134.3 1 0
github.com/sirosfoundation/go-wallet-backend/internal/storage/mongodb/mongodb.go:137.2,141.16 2 0
github.com/sirosfoundation/go-wallet-backend/internal/storage/mongodb/mongodb.go:141.16,143.3 1 0
github.com/sirosfoundation/go-wallet-backend/internal/storage/mongodb/mongodb.go:146.2,151.16 2 0
github.com/sirosfoundation/go-wallet-backend/internal/storage/mongodb/mongodb.go:151.16,153.3 1 0
github.com/sirosfoundation/go-wallet-backend/internal/storage/mongodb/mongodb.go:155.2,155.12 1 0
github.com/sirosfoundation/go-wallet-backend/internal/storage/mongodb/mongodb.go:159.68,169.16 3 0
github.com/sirosfoundation/go-wallet-backend/internal/storage/mongodb/mongodb.go:169.16,171.3 1 0
github.com/sirosfoundation/go-wallet-backend/internal/storage/mongodb/mongodb.go:172.2,172.32 1 0
github.com/sirosfoundation/go-wallet-backend/internal/storage/mongodb/mongodb.go:172.32,174.3 1 0
github.com/sirosfoundation/go-wallet-backend/internal/storage/mongodb/mongodb.go:177.2,177.61 1 0
github.com/sirosfoundation/go-wallet-backend/internal/storage/mongodb/mongodb.go:177.61,179.3 1 0
github.com/sirosfoundation/go-wallet-backend/internal/storage/mongodb/mongodb.go:181.2,181.12 1 0
github.com/sirosfoundation/go-wallet-backend/internal/storage/mongodb/mongodb.go:184.59,184.77 1 0
github.com/sirosfoundation/go-wallet-backend/internal/storage/mongodb/mongodb.go:185.59,185.79 1 0
github.com/sirosfoundation/go-wallet-backend/internal/storage/mongodb/mongodb.go:186.59,186.83 1 0
github.com/sirosfoundation/go-wallet-backend/internal/storage/mongodb/mongodb.go:187.59,187.83 1 0
github.com/sirosfoundation/go-wallet-backend/internal/storage/mongodb/mongodb.go:188.59,188.85 1 0
github.com/sirosfoundation/go-wallet-backend/internal/storage/mongodb/mongodb.go:189.59,189.82 1 0
github.com/sirosfoundation/go-wallet-backend/internal/storage/mongodb/mongodb.go:190.59,190.79 1 0
github.com/sirosfoundation/go-wallet-backend/internal/storage/mongodb/mongodb.go:191.59,191.81 1 0
github.com/sirosfoundation/go-wallet-backend/internal/storage/mongodb/mongodb.go:193.31,197.2 3 0
github.com/sirosfoundation/go-wallet-backend/internal/storage/mongodb/mongodb.go:199.49,201.2 1 0
github.com/sirosfoundation/go-wallet-backend/internal/storage/mongodb/mongodb.go:208.74,213.16 4 0
github.com/sirosfoundation/go-wallet-backend/internal/storage/mongodb/mongodb.go:213.16,214.37 1 0
github.com/sirosfoundation/go-wallet-backend/internal/storage/mongodb/mongodb.go:214.37,216.4 1 0
github.com/sirosfoundation/go-wallet-backend/internal/storage/mongodb/mongodb.go:217.3,217.54 1 0
github.com/sirosfoundation/go-wallet-backend/internal/storage/mongodb/mongodb.go:219.2,219.12 1 0
github.com/sirosfoundation/go-wallet-backend/internal/storage/mongodb/mongodb.go:222.90,225.16 3 0
github.com/sirosfoundation/go-wallet-backend/internal/storage/mongodb/mongodb.go:225.16,226.34 1 0
github.com/sirosfoundation/go-wallet-backend/internal/storage/mongodb/mongodb.go:226.34,228.4 1 0
github.com/sirosfoundation/go-wallet-backend/internal/storage/mongodb/mongodb.go:229.3,229.56 1 0
github.com/sirosfoundation/go-wallet-backend/internal/storage/mongodb/mongodb.go:231.2,231.19 1 0
github.com/sirosfoundation/go-wallet-backend/internal/storage/mongodb/mongodb.go:234.95,237.16 3 0
github.com/sirosfoundation/go-wallet-backend/internal/storage/mongodb/mongodb.go:237.16,238.34 1 0
github.com/sirosfoundation/go-wallet-backend/internal/storage/mongodb/mongodb.go:238.34,240.4 1 0
github.com/sirosfoundation/go-wallet-backend/internal/storage/mongodb/mongodb.go:241.3,241.56 1 0
github.com/sirosfoundation/go-wallet-backend/internal/storage/mongodb/mongodb.go:243.2,243.19 1 0
github.com/sirosfoundation/go-wallet-backend/internal/storage/mongodb/mongodb.go:246.85,249.16 3 0
github.com/sirosfoundation/go-wallet-backend/internal/storage/mongodb/mongodb.go:249.16,250.34 1 0
github.com/sirosfoundation/go-wallet-backend/internal/storage/mongodb/mongodb.go:250.34,252.4 1 0
github.com/sirosfoundation/go-wallet-backend/internal/storage/mongodb/mongodb.go:253.3,253.56 1 0
github.com/sirosfoundation/go-wallet-backend/internal/storage/mongodb/mongodb.go:255.2,255.19 1 0
github.com/sirosfoundation/go-wallet-backend/internal/storage/mongodb/mongodb.go:258.74,261.16 3 0
github.com/sirosfoundation/go-wallet-backend/internal/storage/mongodb/mongodb.go:261.16,263.3 1 0
github.com/sirosfoundation/go-wallet-backend/internal/storage/mongodb/mongodb.go:264.2,264.30 1 0
github.com/sirosfoundation/go-wallet-backend/internal/storage/mongodb/mongodb.go:264.30,266.3 1 0
github.com/sirosfoundation/go-wallet-backend/internal/storage/mongodb/mongodb.go:267.2,267.12 1 0
github.com/sirosfoundation/go-wallet-backend/internal/storage/mongodb/mongodb.go:270.73,272.16 2 0
github.com/sirosfoundation/go-wallet-backend/internal/storage/mongodb/mongodb.go:272.16,274.3 1 0
github.com/sirosfoundation/go-wallet-backend/internal/storage/mongodb/mongodb.go:275.2,275.30 1 0
github.com/sirosfoundation/go-wallet-backend/internal/storage/mongodb/mongodb.go:275.30,277.3 1 0
github.com/sirosfoundation/go-wallet-backend/internal/storage/mongodb/mongodb.go:278.2,278.12 1 0
github.com/sirosfoundation/go-wallet-backend/internal/storage/mongodb/mongodb.go:281.113,283.19 2 0
github.com/sirosfoundation/go-wallet-backend/internal/storage/mongodb/mongodb.go:283.19,285.3 1 0
github.com/sirosfoundation/go-wallet-backend/internal/storage/mongodb/mongodb.go:288.2,299.16 4 0
github.com/sirosfoundation/go-wallet-backend/internal/storage/mongodb/mongodb.go:299.16,301.3 1 0
github.com/sirosfoundation/go-wallet-backend/internal/storage/mongodb/mongodb.go:302.2,302.30 1 0
github.com/sirosfoundation/go-wallet-backend/internal/storage/mongodb/mongodb.go:302.30,306.17 3 0
github.com/sirosfoundation/go-wallet-backend/internal/storage/mongodb/mongodb.go:306.17,307.35 1 0
github.com/sirosfoundation/go-wallet-backend/internal/storage/mongodb/mongodb.go:307.35,309.5 1 0
github.com/sirosfoundation/go-wallet-backend/internal/storage/mongodb/mongodb.go:310.4,310.54 1 0
github.com/sirosfoundation/go-wallet-backend/internal/storage/mongodb/mongodb.go:312.3,312.33 1 0
github.com/sirosfoundation/go-wallet-backend/internal/storage/mongodb/mongodb.go:314.2,314.12 1 0
github.com/sirosfoundation/go-wallet-backend/internal/storage/mongodb/tenant.go:20.80,25.16 4 0
github.com/sirosfoundation/go-wallet-backend/internal/storage/mongodb/tenant.go:25.16,26.37 1 0
github.com/sirosfoundation/go-wallet-backend/internal/storage/mongodb/tenant.go:26.37,28.4 1 0
github.com/sirosfoundation/go-wallet-backend/internal/storage/mongodb/tenant.go:29.3,29.56 1 0
github.com/sirosfoundation/go-wallet-backend/internal/storage/mongodb/tenant.go:31.2,31.12 1 0
github.com/sirosfoundation/go-wallet-backend/internal/storage/mongodb/tenant.go:34.96,37.16 3 0
github.com/sirosfoundation/go-wallet-backend/internal/storage/mongodb/tenant.go:37.16,38.34 1 0
github.com/sirosfoundation/go-wallet-backend/internal/storage/mongodb/tenant.go:38.34,40.4 1 0
github.com/sirosfoundation/go-wallet-backend/internal/storage/mongodb/tenant.go:41.3,41.58 1 0
github.com/sirosfoundation/go-wallet-backend/internal/storage/mongodb/tenant.go:43.2,43.21 1 0
github.com/sirosfoundation/go-wallet-backend/internal/storage/mongodb/tenant.go:46.77,48.16 2 0
github.com/sirosfoundation/go-wallet-backend/internal/storage/mongodb/tenant.go:48.16,50.3 1 0
github.com/sirosfoundation/go-wallet-backend/internal/storage/mongodb/tenant.go:51.2,54.50 3 0
github.com/sirosfoundation/go-wallet-backend/internal/storage/mongodb/tenant.go:54.50,56.3 1 0
github.com/sirosfoundation/go-wallet-backend/internal/storage/mongodb/tenant.go:57.2,57.21 1 0
github.com/sirosfoundation/go-wallet-backend/internal/storage/mongodb/tenant.go:60.84,62.16 2 0
github.com/sirosfoundation/go-wallet-backend/internal/storage/mongodb/tenant.go:62.16,64.3 1 0
github.com/sirosfoundation/go-wallet-backend/internal/storage/mongodb/tenant.go:65.2,68.50 3 0
github.com/sirosfoundation/go-wallet-backend/internal/storage/mongodb/tenant.go:68.50,70.3 1 0
github.com/sirosfoundation/go-wallet-backend/internal/storage/mongodb/tenant.go:71.2,71.21 1 0
github.com/sirosfoundation/go-wallet-backend/internal/storage/mongodb/tenant.go:74.80,77.16 3 0
github.com/sirosfoundation/go-wallet-backend/internal/storage/mongodb/tenant.go:77.16,79.3 1 0
github.com/sirosfoundation/go-wallet-backend/internal/storage/mongodb/tenant.go:80.2,80.30 1 0
github.com/sirosfoundation/go-wallet-backend/internal/storage/mongodb/tenant.go:80.30,82.3 1 0
github.com/sirosfoundation/go-wallet-backend/internal/storage/mongodb/tenant.go:83.2,83.12 1 0
github.com/sirosfoundation/go-wallet-backend/internal/storage/mongodb/tenant.go:86.77,88.16 2 0
github.com/sirosfoundation/go-wallet-backend/internal/storage/mongodb/tenant.go:88.16,90.3 1 0
github.com/sirosfoundation/go-wallet-backend/internal/storage/mongodb/tenant.go:91.2,91.30 1 0
github.com/sirosfoundation/go-wallet-backend/internal/storage/mongodb/tenant.go:91.30,93.3 1 0
github.com/sirosfoundation/go-wallet-backend/internal/storage/mongodb/tenant.go:94.2,94.12 1 0
github.com/sirosfoundation/go-wallet-backend/internal/storage/mongodb/tenant.go:102.109,106.16 3 0
github.com/sirosfoundation/go-wallet-backend/internal/storage/mongodb/tenant.go:106.16,107.37 1 0
github.com/sirosfoundation/go-wallet-backend/internal/storage/mongodb/tenant.go:107.37,109.4 1 0
github.com/sirosfoundation/go-wallet-backend/internal/storage/mongodb/tenant.go:110.3,110.57 1 0
github.com/sirosfoundation/go-wallet-backend/internal/storage/mongodb/tenant.go:112.2,112.12 1 0
github.com/sirosfoundation/go-wallet-backend/internal/storage/mongodb/tenant.go:115.119,120.16 2 0
github.com/sirosfoundation/go-wallet-backend/internal/storage/mongodb/tenant.go:120.16,122.3 1 0
github.com/sirosfoundation/go-wallet-backend/internal/storage/mongodb/tenant.go:123.2,123.30 1 0
github.com/sirosfoundation/go-wallet-backend/internal/storage/mongodb/tenant.go:123.30,125.3 1 0
github.com/sirosfoundation/go-wallet-backend/internal/storage/mongodb/tenant.go:126.2,126.12 1 0
github.com/sirosfoundation/go-wallet-backend/internal/storage/mongodb/tenant.go:129.112,131.16 2 0
github.com/sirosfoundation/go-wallet-backend/internal/storage/mongodb/tenant.go:131.16,133.3 1 0
github.com/sirosfoundation/go-wallet-backend/internal/storage/mongodb/tenant.go:134.2,137.54 3 0
github.com/sirosfoundation/go-wallet-backend/internal/storage/mongodb/tenant.go:137.54,139.3 1 0
github.com/sirosfoundation/go-wallet-backend/internal/storage/mongodb/tenant.go:141.2,142.32 2 0
github.com/sirosfoundation/go-wallet-backend/internal/storage/mongodb/tenant.go:142.32,144.3 1 0
github.com/sirosfoundation/go-wallet-backend/internal/storage/mongodb/tenant.go:145.2,145.23 1 0
github.com/sirosfoundation/go-wallet-backend/internal/storage/mongodb/tenant.go:148.114,150.16 2 0
github.com/sirosfoundation/go-wallet-backend/internal/storage/mongodb/tenant.go:150.16,152.3 1 0
github.com/sirosfoundation/go-wallet-backend/internal/storage/mongodb/tenant.go:153.2,156.54 3 0
github.com/sirosfoundation/go-wallet-backend/internal/storage/mongodb/tenant.go:156.54,158.3 1 0
github.com/sirosfoundation/go-wallet-backend/internal/storage/mongodb/tenant.go:160.2,161.32 2 0
github.com/sirosfoundation/go-wallet-backend/internal/storage/mongodb/tenant.go:161.32,163.3 1 0
github.com/sirosfoundation/go-wallet-backend/internal/storage/mongodb/tenant.go:164.2,164.21 1 0
github.com/sirosfoundation/go-wallet-backend/internal/storage/mongodb/tenant.go:167.119,172.16 2 0
github.com/sirosfoundation/go-wallet-backend/internal/storage/mongodb/tenant.go:172.16,174.3 1 0
github.com/sirosfoundation/go-wallet-backend/internal/storage/mongodb/tenant.go:175.2,175.23 1 0
github.com/sirosfoundation/go-wallet-backend/internal/storage/mongodb/tenant.go:178.148,184.16 3 0
github.com/sirosfoundation/go-wallet-backend/internal/storage/mongodb/tenant.go:184.16,185.34 1 0
github.com/sirosfoundation/go-wallet-backend/internal/storage/mongodb/tenant.go:185.34,187.4 1 0
github.com/sirosfoundation/go-wallet-backend/internal/storage/mongodb/tenant.go:188.3,188.62 1 0
github.com/sirosfoundation/go-wallet-backend/internal/storage/mongodb/tenant.go:190.2,190.25 1 0
