mode: atomic
github.com/sirosfoundation/go-wallet-backend/pkg/config/config.go:45.85,47.18 2 3
github.com/sirosfoundation/go-wallet-backend/pkg/config/config.go:47.18,49.3 1 0
github.com/sirosfoundation/go-wallet-backend/pkg/config/config.go:50.2,50.25 1 3
github.com/sirosfoundation/go-wallet-backend/pkg/config/config.go:50.25,52.3 1 1
github.com/sirosfoundation/go-wallet-backend/pkg/config/config.go:54.2,56.26 2 3
github.com/sirosfoundation/go-wallet-backend/pkg/config/config.go:56.26,58.3 1 0
github.com/sirosfoundation/go-wallet-backend/pkg/config/config.go:60.2,60.22 1 3
github.com/sirosfoundation/go-wallet-backend/pkg/config/config.go:60.22,62.17 2 1
github.com/sirosfoundation/go-wallet-backend/pkg/config/config.go:62.17,64.4 1 1
github.com/sirosfoundation/go-wallet-backend/pkg/config/config.go:67.2,70.3 1 3
github.com/sirosfoundation/go-wallet-backend/pkg/config/config.go:123.44,124.39 1 8
github.com/sirosfoundation/go-wallet-backend/pkg/config/config.go:125.22,126.26 1 3
github.com/sirosfoundation/go-wallet-backend/pkg/config/config.go:127.10,128.26 1 5
github.com/sirosfoundation/go-wallet-backend/pkg/config/config.go:134.60,135.15 1 0
github.com/sirosfoundation/go-wallet-backend/pkg/config/config.go:135.15,136.27 1 0
github.com/sirosfoundation/go-wallet-backend/pkg/config/config.go:136.27,138.4 1 0
github.com/sirosfoundation/go-wallet-backend/pkg/config/config.go:139.3,140.54 2 0
github.com/sirosfoundation/go-wallet-backend/pkg/config/config.go:142.2,142.29 1 0
github.com/sirosfoundation/go-wallet-backend/pkg/config/config.go:169.36,170.32 1 13
github.com/sirosfoundation/go-wallet-backend/pkg/config/config.go:170.32,172.3 1 8
github.com/sirosfoundation/go-wallet-backend/pkg/config/config.go:173.2,173.32 1 13
github.com/sirosfoundation/go-wallet-backend/pkg/config/config.go:173.32,175.3 1 8
github.com/sirosfoundation/go-wallet-backend/pkg/config/config.go:176.2,176.32 1 13
github.com/sirosfoundation/go-wallet-backend/pkg/config/config.go:176.32,183.3 1 8
github.com/sirosfoundation/go-wallet-backend/pkg/config/config.go:184.2,184.32 1 13
github.com/sirosfoundation/go-wallet-backend/pkg/config/config.go:184.32,186.3 1 8
github.com/sirosfoundation/go-wallet-backend/pkg/config/config.go:187.2,187.19 1 13
github.com/sirosfoundation/go-wallet-backend/pkg/config/config.go:187.19,189.3 1 8
github.com/sirosfoundation/go-wallet-backend/pkg/config/config.go:209.74,210.24 1 3
github.com/sirosfoundation/go-wallet-backend/pkg/config/config.go:210.24,212.3 1 1
github.com/sirosfoundation/go-wallet-backend/pkg/config/config.go:213.2,213.48 1 2
github.com/sirosfoundation/go-wallet-backend/pkg/config/config.go:217.73,218.23 1 2
github.com/sirosfoundation/go-wallet-backend/pkg/config/config.go:218.23,220.3 1 1
github.com/sirosfoundation/go-wallet-backend/pkg/config/config.go:221.2,221.48 1 1
github.com/sirosfoundation/go-wallet-backend/pkg/config/config.go:225.75,226.25 1 2
github.com/sirosfoundation/go-wallet-backend/pkg/config/config.go:226.25,228.3 1 1
github.com/sirosfoundation/go-wallet-backend/pkg/config/config.go:229.2,229.48 1 1
github.com/sirosfoundation/go-wallet-backend/pkg/config/config.go:233.72,234.22 1 2
github.com/sirosfoundation/go-wallet-backend/pkg/config/config.go:234.22,236.3 1 1
github.com/sirosfoundation/go-wallet-backend/pkg/config/config.go:237.2,237.48 1 1
github.com/sirosfoundation/go-wallet-backend/pkg/config/config.go:302.55,304.2 1 24
github.com/sirosfoundation/go-wallet-backend/pkg/config/config.go:343.42,344.20 1 12
github.com/sirosfoundation/go-wallet-backend/pkg/config/config.go:344.20,346.3 1 5
github.com/sirosfoundation/go-wallet-backend/pkg/config/config.go:347.2,347.26 1 7
github.com/sirosfoundation/go-wallet-backend/pkg/config/config.go:353.48,354.37 1 11
github.com/sirosfoundation/go-wallet-backend/pkg/config/config.go:354.37,356.3 1 2
github.com/sirosfoundation/go-wallet-backend/pkg/config/config.go:357.2,357.27 1 9
github.com/sirosfoundation/go-wallet-backend/pkg/config/config.go:357.27,359.3 1 4
github.com/sirosfoundation/go-wallet-backend/pkg/config/config.go:360.2,360.22 1 5
github.com/sirosfoundation/go-wallet-backend/pkg/config/config.go:366.50,367.39 1 10
github.com/sirosfoundation/go-wallet-backend/pkg/config/config.go:367.39,369.3 1 4
github.com/sirosfoundation/go-wallet-backend/pkg/config/config.go:370.2,370.29 1 6
github.com/sirosfoundation/go-wallet-backend/pkg/config/config.go:370.29,372.3 1 2
github.com/sirosfoundation/go-wallet-backend/pkg/config/config.go:373.2,373.22 1 4
github.com/sirosfoundation/go-wallet-backend/pkg/config/config.go:379.51,381.2 1 5
github.com/sirosfoundation/go-wallet-backend/pkg/config/config.go:386.53,388.2 1 5
github.com/sirosfoundation/go-wallet-backend/pkg/config/config.go:439.44,440.20 1 0
github.com/sirosfoundation/go-wallet-backend/pkg/config/config.go:440.20,442.3 1 0
github.com/sirosfoundation/go-wallet-backend/pkg/config/config.go:446.66,447.20 1 0
github.com/sirosfoundation/go-wallet-backend/pkg/config/config.go:447.20,449.3 1 0
github.com/sirosfoundation/go-wallet-backend/pkg/config/config.go:450.2,450.19 1 0
github.com/sirosfoundation/go-wallet-backend/pkg/config/config.go:483.68,484.33 1 0
github.com/sirosfoundation/go-wallet-backend/pkg/config/config.go:485.50,486.33 1 0
github.com/sirosfoundation/go-wallet-backend/pkg/config/config.go:487.10,488.16 1 0
github.com/sirosfoundation/go-wallet-backend/pkg/config/config.go:511.45,512.24 1 0
github.com/sirosfoundation/go-wallet-backend/pkg/config/config.go:512.24,514.3 1 0
github.com/sirosfoundation/go-wallet-backend/pkg/config/config.go:515.2,515.26 1 0
github.com/sirosfoundation/go-wallet-backend/pkg/config/config.go:515.26,517.3 1 0
github.com/sirosfoundation/go-wallet-backend/pkg/config/config.go:518.2,518.27 1 0
github.com/sirosfoundation/go-wallet-backend/pkg/config/config.go:518.27,520.3 1 0
github.com/sirosfoundation/go-wallet-backend/pkg/config/config.go:548.48,549.28 1 0
github.com/sirosfoundation/go-wallet-backend/pkg/config/config.go:549.28,551.3 1 0
github.com/sirosfoundation/go-wallet-backend/pkg/config/config.go:565.46,566.35 1 0
github.com/sirosfoundation/go-wallet-backend/pkg/config/config.go:566.35,568.3 1 0
github.com/sirosfoundation/go-wallet-backend/pkg/config/config.go:590.47,595.22 2 7
github.com/sirosfoundation/go-wallet-backend/pkg/config/config.go:595.22,597.17 2 7
github.com/sirosfoundation/go-wallet-backend/pkg/config/config.go:597.17,598.27 1 1
github.com/sirosfoundation/go-wallet-backend/pkg/config/config.go:598.27,600.5 1 0
github.com/sirosfoundation/go-wallet-backend/pkg/config/config.go:602.9,603.52 1 6
github.com/sirosfoundation/go-wallet-backend/pkg/config/config.go:603.52,605.5 1 1
github.com/sirosfoundation/go-wallet-backend/pkg/config/config.go:611.2,611.57 1 6
github.com/sirosfoundation/go-wallet-backend/pkg/config/config.go:611.57,613.3 1 0
github.com/sirosfoundation/go-wallet-backend/pkg/config/config.go:616.2,616.51 1 6
github.com/sirosfoundation/go-wallet-backend/pkg/config/config.go:616.51,618.3 1 0
github.com/sirosfoundation/go-wallet-backend/pkg/config/config.go:621.2,621.39 1 6
github.com/sirosfoundation/go-wallet-backend/pkg/config/config.go:621.39,623.3 1 1
github.com/sirosfoundation/go-wallet-backend/pkg/config/config.go:626.2,626.30 1 5
github.com/sirosfoundation/go-wallet-backend/pkg/config/config.go:626.30,628.3 1 5
github.com/sirosfoundation/go-wallet-backend/pkg/config/config.go:631.2,633.17 2 5
github.com/sirosfoundation/go-wallet-backend/pkg/config/config.go:640.47,644.35 2 6
github.com/sirosfoundation/go-wallet-backend/pkg/config/config.go:644.35,646.17 2 0
github.com/sirosfoundation/go-wallet-backend/pkg/config/config.go:646.17,648.4 1 0
github.com/sirosfoundation/go-wallet-backend/pkg/config/config.go:652.2,652.28 1 6
github.com/sirosfoundation/go-wallet-backend/pkg/config/config.go:652.28,654.17 2 0
github.com/sirosfoundation/go-wallet-backend/pkg/config/config.go:654.17,656.4 1 0
github.com/sirosfoundation/go-wallet-backend/pkg/config/config.go:660.2,660.42 1 6
github.com/sirosfoundation/go-wallet-backend/pkg/config/config.go:660.42,662.17 2 0
github.com/sirosfoundation/go-wallet-backend/pkg/config/config.go:662.17,664.4 1 0
github.com/sirosfoundation/go-wallet-backend/pkg/config/config.go:666.3,666.92 1 0
github.com/sirosfoundation/go-wallet-backend/pkg/config/config.go:669.2,669.12 1 6
github.com/sirosfoundation/go-wallet-backend/pkg/config/config.go:674.50,676.16 2 0
github.com/sirosfoundation/go-wallet-backend/pkg/config/config.go:676.16,678.3 1 0
github.com/sirosfoundation/go-wallet-backend/pkg/config/config.go:679.2,680.18 2 0
github.com/sirosfoundation/go-wallet-backend/pkg/config/config.go:680.18,682.3 1 0
github.com/sirosfoundation/go-wallet-backend/pkg/config/config.go:683.2,683.20 1 0
github.com/sirosfoundation/go-wallet-backend/pkg/config/config.go:687.30,768.2 3 7
github.com/sirosfoundation/go-wallet-backend/pkg/config/config.go:771.35,772.48 1 27
github.com/sirosfoundation/go-wallet-backend/pkg/config/config.go:772.48,774.3 1 3
github.com/sirosfoundation/go-wallet-backend/pkg/config/config.go:776.2,776.25 1 24
github.com/sirosfoundation/go-wallet-backend/pkg/config/config.go:776.25,778.3 1 1
github.com/sirosfoundation/go-wallet-backend/pkg/config/config.go:780.2,780.29 1 23
github.com/sirosfoundation/go-wallet-backend/pkg/config/config.go:780.29,782.3 1 1
github.com/sirosfoundation/go-wallet-backend/pkg/config/config.go:785.2,785.26 1 22
github.com/sirosfoundation/go-wallet-backend/pkg/config/config.go:785.26,786.34 1 4
github.com/sirosfoundation/go-wallet-backend/pkg/config/config.go:786.34,788.4 1 2
github.com/sirosfoundation/go-wallet-backend/pkg/config/config.go:789.3,789.33 1 2
github.com/sirosfoundation/go-wallet-backend/pkg/config/config.go:789.33,791.4 1 1
github.com/sirosfoundation/go-wallet-backend/pkg/config/config.go:795.2,795.59 1 19
github.com/sirosfoundation/go-wallet-backend/pkg/config/config.go:795.59,796.39 1 5
github.com/sirosfoundation/go-wallet-backend/pkg/config/config.go:796.39,798.4 1 1
github.com/sirosfoundation/go-wallet-backend/pkg/config/config.go:799.3,799.38 1 4
github.com/sirosfoundation/go-wallet-backend/pkg/config/config.go:799.38,801.4 1 1
github.com/sirosfoundation/go-wallet-backend/pkg/config/config.go:805.2,805.24 1 17
github.com/sirosfoundation/go-wallet-backend/pkg/config/config.go:806.27,806.27 0 15
github.com/sirosfoundation/go-wallet-backend/pkg/config/config.go:808.16,809.96 1 1
github.com/sirosfoundation/go-wallet-backend/pkg/config/config.go:810.10,811.92 1 1
github.com/sirosfoundation/go-wallet-backend/pkg/config/config.go:814.2,814.64 1 15
github.com/sirosfoundation/go-wallet-backend/pkg/config/config.go:814.64,816.3 1 1
github.com/sirosfoundation/go-wallet-backend/pkg/config/config.go:819.2,819.73 1 14
github.com/sirosfoundation/go-wallet-backend/pkg/config/config.go:819.73,821.3 1 0
github.com/sirosfoundation/go-wallet-backend/pkg/config/config.go:822.2,822.73 1 14
github.com/sirosfoundation/go-wallet-backend/pkg/config/config.go:822.73,824.3 1 0
github.com/sirosfoundation/go-wallet-backend/pkg/config/config.go:826.2,826.24 1 14
github.com/sirosfoundation/go-wallet-backend/pkg/config/config.go:826.24,828.3 1 2
github.com/sirosfoundation/go-wallet-backend/pkg/config/config.go:831.2,831.36 1 12
github.com/sirosfoundation/go-wallet-backend/pkg/config/config.go:831.36,832.55 1 0
github.com/sirosfoundation/go-wallet-backend/pkg/config/config.go:832.55,833.21 1 0
github.com/sirosfoundation/go-wallet-backend/pkg/config/config.go:833.21,835.5 1 0
github.com/sirosfoundation/go-wallet-backend/pkg/config/config.go:839.2,839.12 1 12
github.com/sirosfoundation/go-wallet-backend/pkg/config/config.go:843.41,845.2 1 4
github.com/sirosfoundation/go-wallet-backend/pkg/config/config.go:848.46,850.16 2 2
github.com/sirosfoundation/go-wallet-backend/pkg/config/config.go:850.16,852.3 1 2
github.com/sirosfoundation/go-wallet-backend/pkg/config/config.go:853.2,853.48 1 2
github.com/sirosfoundation/go-wallet-backend/pkg/config/config.go:857.47,859.16 2 2
github.com/sirosfoundation/go-wallet-backend/pkg/config/config.go:859.16,861.3 1 2
github.com/sirosfoundation/go-wallet-backend/pkg/config/config.go:862.2,863.15 2 2
github.com/sirosfoundation/go-wallet-backend/pkg/config/config.go:863.15,865.3 1 1
github.com/sirosfoundation/go-wallet-backend/pkg/config/config.go:866.2,866.41 1 2
github.com/sirosfoundation/go-wallet-backend/pkg/config/config.go:870.49,872.16 2 2
github.com/sirosfoundation/go-wallet-backend/pkg/config/config.go:872.16,874.3 1 2
github.com/sirosfoundation/go-wallet-backend/pkg/config/config.go:875.2,876.15 2 2
github.com/sirosfoundation/go-wallet-backend/pkg/config/config.go:876.15,878.3 1 1
github.com/sirosfoundation/go-wallet-backend/pkg/config/config.go:879.2,879.41 1 2
github.com/sirosfoundation/go-wallet-backend/pkg/config/config.go:885.50,886.29 1 3
github.com/sirosfoundation/go-wallet-backend/pkg/config/config.go:886.29,888.17 2 1
github.com/sirosfoundation/go-wallet-backend/pkg/config/config.go:888.17,890.4 1 0
github.com/sirosfoundation/go-wallet-backend/pkg/config/config.go:891.3,891.11 1 1
github.com/sirosfoundation/go-wallet-backend/pkg/config/config.go:893.2,893.26 1 2
github.com/sirosfoundation/go-wallet-backend/internal/server/providers.go:39.115,50.2 3 0
github.com/sirosfoundation/go-wallet-backend/internal/server/providers.go:52.46,52.70 1 0
github.com/sirosfoundation/go-wallet-backend/internal/server/providers.go:53.46,53.63 1 0
github.com/sirosfoundation/go-wallet-backend/internal/server/providers.go:55.59,62.2 4 0
github.com/sirosfoundation/go-wallet-backend/internal/server/providers.go:62.2,70.3 5 0
github.com/sirosfoundation/go-wallet-backend/internal/server/providers.go:70.3,73.4 2 0
github.com/sirosfoundation/go-wallet-backend/internal/server/providers.go:76.3,78.3 3 0
github.com/sirosfoundation/go-wallet-backend/internal/server/providers.go:78.3,81.4 2 0
github.com/sirosfoundation/go-wallet-backend/internal/server/providers.go:85.3,86.3 2 0
github.com/sirosfoundation/go-wallet-backend/internal/server/providers.go:86.3,88.4 1 0
github.com/sirosfoundation/go-wallet-backend/internal/server/providers.go:89.3,90.3 2 0
github.com/sirosfoundation/go-wallet-backend/internal/server/providers.go:90.3,92.4 1 0
github.com/sirosfoundation/go-wallet-backend/internal/server/providers.go:95.3,96.58 2 0
github.com/sirosfoundation/go-wallet-backend/internal/server/providers.go:100.2,102.2 3 0
github.com/sirosfoundation/go-wallet-backend/internal/server/providers.go:102.2,105.3 2 0
github.com/sirosfoundation/go-wallet-backend/internal/server/providers.go:105.3,117.4 9 0
github.com/sirosfoundation/go-wallet-backend/internal/server/providers.go:118.3,122.3 3 0
github.com/sirosfoundation/go-wallet-backend/internal/server/providers.go:122.3,124.4 1 0
github.com/sirosfoundation/go-wallet-backend/internal/server/providers.go:127.3,128.3 2 0
github.com/sirosfoundation/go-wallet-backend/internal/server/providers.go:128.3,130.4 1 0
github.com/sirosfoundation/go-wallet-backend/internal/server/providers.go:133.3,136.34 2 0
github.com/sirosfoundation/go-wallet-backend/internal/server/providers.go:136.34,138.4 1 0
github.com/sirosfoundation/go-wallet-backend/internal/server/providers.go:141.3,142.3 2 0
github.com/sirosfoundation/go-wallet-backend/internal/server/providers.go:142.3,144.4 1 0
github.com/sirosfoundation/go-wallet-backend/internal/server/providers.go:147.3,148.3 2 0
github.com/sirosfoundation/go-wallet-backend/internal/server/providers.go:148.3,150.4 1 0
github.com/sirosfoundation/go-wallet-backend/internal/server/providers.go:167.121,176.2 3 0
github.com/sirosfoundation/go-wallet-backend/internal/server/providers.go:178.49,178.73 1 0
github.com/sirosfoundation/go-wallet-backend/internal/server/providers.go:179.49,179.69 1 0
github.com/sirosfoundation/go-wallet-backend/internal/server/providers.go:181.62,185.2 3 0
github.com/sirosfoundation/go-wallet-backend/internal/server/providers.go:185.2,197.3 8 0
github.com/sirosfoundation/go-wallet-backend/internal/server/providers.go:213.118,218.18 2 0
github.com/sirosfoundation/go-wallet-backend/internal/server/providers.go:218.18,220.3 1 0
github.com/sirosfoundation/go-wallet-backend/internal/server/providers.go:223.2,223.38 1 0
github.com/sirosfoundation/go-wallet-backend/internal/server/providers.go:223.38,231.17 2 0
github.com/sirosfoundation/go-wallet-backend/internal/server/providers.go:231.17,233.4 1 0
github.com/sirosfoundation/go-wallet-backend/internal/server/providers.go:233.9,236.4 2 0
github.com/sirosfoundation/go-wallet-backend/internal/server/providers.go:240.2,248.8 4 0
github.com/sirosfoundation/go-wallet-backend/internal/server/providers.go:251.48,251.77 1 0
github.com/sirosfoundation/go-wallet-backend/internal/server/providers.go:252.48,252.67 1 0
github.com/sirosfoundation/go-wallet-backend/internal/server/providers.go:254.61,256.52 1 0
github.com/sirosfoundation/go-wallet-backend/internal/server/providers.go:256.52,258.3 1 0
github.com/sirosfoundation/go-wallet-backend/internal/server/providers.go:262.34,263.22 1 1
github.com/sirosfoundation/go-wallet-backend/internal/server/providers.go:263.22,265.3 1 1
github.com/sirosfoundation/go-wallet-backend/internal/server/providers.go:270.64,271.22 1 3
github.com/sirosfoundation/go-wallet-backend/internal/server/providers.go:271.22,273.3 1 1
github.com/sirosfoundation/go-wallet-backend/internal/server/providers.go:275.2,275.28 1 2
github.com/sirosfoundation/go-wallet-backend/internal/server/providers.go:275.28,277.3 1 0
github.com/sirosfoundation/go-wallet-backend/internal/server/providers.go:278.2,278.12 1 2
github.com/sirosfoundation/go-wallet-backend/internal/server/providers.go:294.107,299.16 4 0
github.com/sirosfoundation/go-wallet-backend/internal/server/providers.go:299.16,301.3 1 0
github.com/sirosfoundation/go-wallet-backend/internal/server/providers.go:304.2,306.44 3 0
github.com/sirosfoundation/go-wallet-backend/internal/server/providers.go:306.44,308.3 1 0
github.com/sirosfoundation/go-wallet-backend/internal/server/providers.go:310.2,317.8 2 0
github.com/sirosfoundation/go-wallet-backend/internal/server/providers.go:320.49,320.73 1 0
github.com/sirosfoundation/go-wallet-backend/internal/server/providers.go:321.49,321.69 1 0
github.com/sirosfoundation/go-wallet-backend/internal/server/providers.go:323.62,327.2 2 0
github.com/sirosfoundation/go-wallet-backend/internal/server/providers.go:330.41,331.20 1 0
github.com/sirosfoundation/go-wallet-backend/internal/server/providers.go:331.20,333.3 1 0
github.com/sirosfoundation/go-wallet-backend/internal/server/providers.go:334.2,334.12 1 0
github.com/sirosfoundation/go-wallet-backend/internal/server/providers.go:339.65,340.20 1 4
github.com/sirosfoundation/go-wallet-backend/internal/server/providers.go:340.20,342.3 1 1
github.com/sirosfoundation/go-wallet-backend/internal/server/providers.go:344.2,346.31 3 3
github.com/sirosfoundation/go-wallet-backend/internal/server/providers.go:350.51,352.2 1 0
github.com/sirosfoundation/go-wallet-backend/internal/server/providers.go:355.76,358.2 2 0
github.com/sirosfoundation/go-wallet-backend/internal/server/providers.go:372.87,376.16 4 0
github.com/sirosfoundation/go-wallet-backend/internal/server/providers.go:376.16,378.3 1 0
github.com/sirosfoundation/go-wallet-backend/internal/server/providers.go:380.2,382.44 3 0
github.com/sirosfoundation/go-wallet-backend/internal/server/providers.go:382.44,384.3 1 0
github.com/sirosfoundation/go-wallet-backend/internal/server/providers.go:386.2,391.8 2 0
github.com/sirosfoundation/go-wallet-backend/internal/server/providers.go:394.47,394.71 1 0
github.com/sirosfoundation/go-wallet-backend/internal/server/providers.go:395.47,395.65 1 0
github.com/sirosfoundation/go-wallet-backend/internal/server/providers.go:398.61,398.62 0 0
github.com/sirosfoundation/go-wallet-backend/internal/server/providers.go:401.39,402.20 1 0
github.com/sirosfoundation/go-wallet-backend/internal/server/providers.go:402.20,404.3 1 0
github.com/sirosfoundation/go-wallet-backend/internal/server/providers.go:405.2,405.12 1 0
github.com/sirosfoundation/go-wallet-backend/internal/server/providers.go:409.63,410.20 1 0
github.com/sirosfoundation/go-wallet-backend/internal/server/providers.go:410.20,412.3 1 0
github.com/sirosfoundation/go-wallet-backend/internal/server/providers.go:413.2,415.31 3 0
github.com/sirosfoundation/go-wallet-backend/internal/server/providers.go:419.74,422.2 2 0
github.com/sirosfoundation/go-wallet-backend/internal/server/providers.go:440.95,443.37 2 0
github.com/sirosfoundation/go-wallet-backend/internal/server/providers.go:443.37,445.3 1 0
github.com/sirosfoundation/go-wallet-backend/internal/server/providers.go:445.8,449.3 1 0
github.com/sirosfoundation/go-wallet-backend/internal/server/providers.go:452.2,464.8 3 0
github.com/sirosfoundation/go-wallet-backend/internal/server/providers.go:467.50,467.74 1 0
github.com/sirosfoundation/go-wallet-backend/internal/server/providers.go:468.50,468.71 1 0
github.com/sirosfoundation/go-wallet-backend/internal/server/providers.go:470.63,475.27 2 0
github.com/sirosfoundation/go-wallet-backend/internal/server/providers.go:475.27,477.3 1 0
github.com/sirosfoundation/go-wallet-backend/internal/server/providers.go:477.8,479.3 1 0
github.com/sirosfoundation/go-wallet-backend/internal/server/providers.go:482.2,486.33 3 0
github.com/sirosfoundation/go-wallet-backend/internal/server/providers.go:490.61,495.50 4 0
github.com/sirosfoundation/go-wallet-backend/internal/server/providers.go:495.50,497.3 1 0
github.com/sirosfoundation/go-wallet-backend/internal/server/providers.go:498.2,498.12 1 0
github.com/sirosfoundation/go-wallet-backend/internal/server/providers.go:502.42,504.21 1 0
github.com/sirosfoundation/go-wallet-backend/internal/server/providers.go:504.21,506.3 1 0
github.com/sirosfoundation/go-wallet-backend/internal/server/providers.go:507.2,507.22 1 0
github.com/sirosfoundation/go-wallet-backend/internal/server/providers.go:507.22,509.3 1 0
github.com/sirosfoundation/go-wallet-backend/internal/server/providers.go:512.2,512.22 1 0
github.com/sirosfoundation/go-wallet-backend/internal/server/providers.go:512.22,514.3 1 0
github.com/sirosfoundation/go-wallet-backend/internal/server/providers.go:517.2,517.20 1 0
github.com/sirosfoundation/go-wallet-backend/internal/server/providers.go:517.20,518.40 1 0
github.com/sirosfoundation/go-wallet-backend/internal/server/providers.go:518.40,520.4 1 0
github.com/sirosfoundation/go-wallet-backend/internal/server/providers.go:523.2,523.12 1 0
github.com/sirosfoundation/go-wallet-backend/internal/server/providers.go:528.66,529.20 1 3
github.com/sirosfoundation/go-wallet-backend/internal/server/providers.go:529.20,531.3 1 1
github.com/sirosfoundation/go-wallet-backend/internal/server/providers.go:533.2,533.57 1 2
github.com/sirosfoundation/go-wallet-backend/internal/server/providers.go:533.57,537.3 1 2
github.com/sirosfoundation/go-wallet-backend/internal/server/providers.go:538.2,538.12 1 0
github.com/sirosfoundation/go-wallet-backend/internal/server/server.go:103.42,110.2 1 7
github.com/sirosfoundation/go-wallet-backend/internal/server/server.go:131.65,141.2 1 10
github.com/sirosfoundation/go-wallet-backend/internal/server/server.go:147.48,154.51 3 5
github.com/sirosfoundation/go-wallet-backend/internal/server/server.go:154.51,161.3 2 5
github.com/sirosfoundation/go-wallet-backend/internal/server/server.go:170.41,170.58 1 1
github.com/sirosfoundation/go-wallet-backend/internal/server/server.go:171.65,173.2 1 1
github.com/sirosfoundation/go-wallet-backend/internal/server/server.go:176.52,178.35 1 0
github.com/sirosfoundation/go-wallet-backend/internal/server/server.go:178.35,180.3 1 0
github.com/sirosfoundation/go-wallet-backend/internal/server/server.go:180.8,182.3 1 0
github.com/sirosfoundation/go-wallet-backend/internal/server/server.go:185.2,189.32 3 0
github.com/sirosfoundation/go-wallet-backend/internal/server/server.go:189.32,190.42 1 0
github.com/sirosfoundation/go-wallet-backend/internal/server/server.go:190.42,192.4 1 0
github.com/sirosfoundation/go-wallet-backend/internal/server/server.go:192.9,194.4 1 0
github.com/sirosfoundation/go-wallet-backend/internal/server/server.go:198.2,198.34 1 0
github.com/sirosfoundation/go-wallet-backend/internal/server/server.go:198.34,201.3 2 0
github.com/sirosfoundation/go-wallet-backend/internal/server/server.go:204.2,204.26 1 0
github.com/sirosfoundation/go-wallet-backend/internal/server/server.go:204.26,206.33 2 0
github.com/sirosfoundation/go-wallet-backend/internal/server/server.go:206.33,209.4 2 0
github.com/sirosfoundation/go-wallet-backend/internal/server/server.go:213.2,225.12 4 0
github.com/sirosfoundation/go-wallet-backend/internal/server/server.go:225.12,227.95 2 0
github.com/sirosfoundation/go-wallet-backend/internal/server/server.go:227.95,229.4 1 0
github.com/sirosfoundation/go-wallet-backend/internal/server/server.go:233.2,233.23 1 0
github.com/sirosfoundation/go-wallet-backend/internal/server/server.go:233.23,246.13 4 0
github.com/sirosfoundation/go-wallet-backend/internal/server/server.go:246.13,248.94 2 0
github.com/sirosfoundation/go-wallet-backend/internal/server/server.go:248.94,250.5 1 0
github.com/sirosfoundation/go-wallet-backend/internal/server/server.go:255.2,255.25 1 0
github.com/sirosfoundation/go-wallet-backend/internal/server/server.go:255.25,256.46 1 0
github.com/sirosfoundation/go-wallet-backend/internal/server/server.go:256.46,258.4 1 0
github.com/sirosfoundation/go-wallet-backend/internal/server/server.go:262.2,262.32 1 0
github.com/sirosfoundation/go-wallet-backend/internal/server/server.go:262.32,263.42 1 0
github.com/sirosfoundation/go-wallet-backend/internal/server/server.go:263.42,265.40 2 0
github.com/sirosfoundation/go-wallet-backend/internal/server/server.go:265.40,267.5 1 0
github.com/sirosfoundation/go-wallet-backend/internal/server/server.go:273.2,276.12 3 0
github.com/sirosfoundation/go-wallet-backend/internal/server/server.go:280.55,282.24 1 1
github.com/sirosfoundation/go-wallet-backend/internal/server/server.go:282.24,284.3 1 1
github.com/sirosfoundation/go-wallet-backend/internal/server/server.go:286.2,288.25 2 1
github.com/sirosfoundation/go-wallet-backend/internal/server/server.go:288.25,289.52 1 0
github.com/sirosfoundation/go-wallet-backend/internal/server/server.go:289.52,291.4 1 0
github.com/sirosfoundation/go-wallet-backend/internal/server/server.go:294.2,294.23 1 1
github.com/sirosfoundation/go-wallet-backend/internal/server/server.go:294.23,295.50 1 0
github.com/sirosfoundation/go-wallet-backend/internal/server/server.go:295.50,297.4 1 0
github.com/sirosfoundation/go-wallet-backend/internal/server/server.go:300.2,300.26 1 1
github.com/sirosfoundation/go-wallet-backend/internal/server/server.go:300.26,301.53 1 0
github.com/sirosfoundation/go-wallet-backend/internal/server/server.go:301.53,303.4 1 0
github.com/sirosfoundation/go-wallet-backend/internal/server/server.go:306.2,306.19 1 1
github.com/sirosfoundation/go-wallet-backend/internal/server/server.go:306.19,308.3 1 0
github.com/sirosfoundation/go-wallet-backend/internal/server/server.go:309.2,309.12 1 1
github.com/sirosfoundation/go-wallet-backend/internal/server/server.go:313.45,326.2 5 2
github.com/sirosfoundation/go-wallet-backend/internal/server/server.go:329.58,331.40 1 2
github.com/sirosfoundation/go-wallet-backend/internal/server/server.go:331.40,339.3 1 0
github.com/sirosfoundation/go-wallet-backend/internal/server/server.go:340.2,346.45 3 2
github.com/sirosfoundation/go-wallet-backend/internal/server/server.go:346.45,349.20 2 2
github.com/sirosfoundation/go-wallet-backend/internal/server/server.go:349.20,355.4 3 0
github.com/sirosfoundation/go-wallet-backend/internal/server/server.go:358.3,358.32 1 2
github.com/sirosfoundation/go-wallet-backend/internal/server/server.go:363.44,365.17 2 0
github.com/sirosfoundation/go-wallet-backend/internal/server/server.go:365.17,368.17 3 0
github.com/sirosfoundation/go-wallet-backend/internal/server/server.go:368.17,370.4 1 0
github.com/sirosfoundation/go-wallet-backend/internal/server/server.go:374.3,376.153 2 0
github.com/sirosfoundation/go-wallet-backend/internal/server/server.go:380.2,384.56 3 0
github.com/sirosfoundation/go-wallet-backend/internal/server/server.go:384.56,390.3 1 0
github.com/sirosfoundation/go-wallet-backend/internal/server/server.go:393.2,397.32 3 0
github.com/sirosfoundation/go-wallet-backend/internal/server/server.go:397.32,398.54 1 0
github.com/sirosfoundation/go-wallet-backend/internal/server/server.go:398.54,401.4 2 0
github.com/sirosfoundation/go-wallet-backend/internal/server/server.go:404.2,417.12 4 0
github.com/sirosfoundation/go-wallet-backend/internal/server/server.go:417.12,419.95 2 0
github.com/sirosfoundation/go-wallet-backend/internal/server/server.go:419.95,421.4 1 0
github.com/sirosfoundation/go-wallet-backend/internal/server/server.go:424.2,424.12 1 0
github.com/sirosfoundation/go-wallet-backend/internal/server/server.go:429.44,431.2 1 0
github.com/sirosfoundation/go-wallet-backend/internal/server/server.go:436.93,437.35 1 3
github.com/sirosfoundation/go-wallet-backend/internal/server/server.go:437.35,439.3 1 1
github.com/sirosfoundation/go-wallet-backend/internal/server/server.go:440.2,440.15 1 2
